<?xml version="1.0" encoding="UTF-8"?>
<!-- Generated by org.testng.reporters.JUnitXMLReporter -->
<testsuite ignored="0" hostname="elihle" failures="0" tests="9" name="API Tests" time="78.741" errors="0" timestamp="2026-06-04T13:10:14 SAST">
  <testcase classname="api.AutomationExerciseAPITests" name="verifyRegisterUserAccount" time="18.526"/>
  <testcase classname="api.AutomationExerciseAPITests" name="verifyLoginWithValidLoginDetails" time="13.7"/>
  <testcase classname="api.AutomationExerciseAPITests" name="verifyLoginWithoutEmailParamedter" time="2.249"/>
  <testcase classname="api.AutomationExerciseAPITests" name="verifySearchProductItem" time="1.776"/>
  <testcase classname="api.AutomationExerciseAPITests" name="verifyReturnUserDetailsByEmail" time="7.037"/>
  <testcase classname="api.AutomationExerciseAPITests" name="verifyUserAccountUpdate" time="9.486"/>
  <testcase classname="api.AutomationExerciseAPITests" name="verifyDeleteUserAccount" time="16.975"/>
  <testcase classname="api.AutomationExerciseAPITests" name="verifyLoginWithInvalidDetails" time="1.212"/>
  <testcase classname="api.AutomationExerciseAPITests" name="verifyDeleteLogin" time="4.899"/>
</testsuite> <!-- API Tests -->
