<?xml version="1.0" encoding="UTF-8"?>
<!-- Generated by org.testng.reporters.JUnitXMLReporter -->
<testsuite ignored="3" hostname="elihle" failures="0" tests="1" name="Surefire test" time="157.802" errors="0" timestamp="2026-07-22T14:03:15 SAST">
  <testcase classname="ui.LoginTest" name="verifyUserCanLoginSuccessfully" time="33.435"/>
  <testcase classname="ui.LoginTest" name="verifyLoginWithInvalidEmailFormat" time="0.0">
    <ignored/>
  </testcase> <!-- verifyLoginWithInvalidEmailFormat -->
  <testcase classname="ui.LoginTest" name="verifyLoginWithInvalidPassword" time="0.0">
    <ignored/>
  </testcase> <!-- verifyLoginWithInvalidPassword -->
  <testcase classname="ui.LoginTest" name="verifyLogout" time="0.0">
    <ignored/>
  </testcase> <!-- verifyLogout -->
</testsuite> <!-- Surefire test -->
