<?xml version="1.0" encoding="UTF-8"?>
<!-- Generated by org.testng.reporters.JUnitXMLReporter -->
<testsuite ignored="7" hostname="elihle" failures="0" tests="1" name="Surefire test" time="63.171" errors="0" timestamp="2026-07-24T13:59:21 SAST">
  <testcase classname="api.AutomationExerciseAPITests" name="verifyLoginWithValidLoginDetails" time="5.071"/>
  <testcase classname="api.AutomationExerciseAPITests" name="verifyUserAccountUpdate" time="0.0">
    <ignored/>
  </testcase> <!-- verifyUserAccountUpdate -->
  <testcase classname="api.AutomationExerciseAPITests" name="verifyDeleteUserAccount" time="0.0">
    <ignored/>
  </testcase> <!-- verifyDeleteUserAccount -->
  <testcase classname="api.AutomationExerciseAPITests" name="verifySearchProductItem" time="0.0">
    <ignored/>
  </testcase> <!-- verifySearchProductItem -->
  <testcase classname="api.AutomationExerciseAPITests" name="verifyLoginWithInvalidDetails" time="0.0">
    <ignored/>
  </testcase> <!-- verifyLoginWithInvalidDetails -->
  <testcase classname="api.AutomationExerciseAPITests" name="verifyDeleteLogin" time="0.0">
    <ignored/>
  </testcase> <!-- verifyDeleteLogin -->
  <testcase classname="api.AutomationExerciseAPITests" name="verifyLoginWithoutEmailParameter" time="0.0">
    <ignored/>
  </testcase> <!-- verifyLoginWithoutEmailParameter -->
  <testcase classname="api.AutomationExerciseAPITests" name="verifyReturnUserDetailsByEmail" time="0.0">
    <ignored/>
  </testcase> <!-- verifyReturnUserDetailsByEmail -->
</testsuite> <!-- Surefire test -->
