<?xml version="1.0" encoding="UTF-8"?>
<!-- Generated by org.testng.reporters.JUnitXMLReporter -->
<testsuite ignored="0" hostname="elihle" failures="0" tests="4" name="Default test" time="601.24" errors="0" timestamp="2026-07-20T13:45:06 SAST">
  <testcase classname="ui.LoginTest" name="verifyUserCanLoginSuccessfully" time="41.617"/>
  <testcase classname="ui.LoginTest" name="verifyLoginWithInvalidEmailFormat" time="13.025"/>
  <testcase classname="ui.LoginTest" name="verifyLoginWithInvalidPassword" time="30.471"/>
  <testcase classname="ui.LoginTest" name="verifyLogout" time="66.066"/>
</testsuite> <!-- Default test -->
