<?xml version="1.0" encoding="UTF-8"?>
<testng-results ignored="0" total="8" passed="7" failed="1" skipped="0">
  <reporter-output>
  </reporter-output>
  <suite started-at="2026-07-28T13:36:24 SAST" name="Surefire suite" finished-at="2026-07-28T13:38:59 SAST" duration-ms="154681">
    <groups>
    </groups>
    <test started-at="2026-07-28T13:36:24 SAST" name="Surefire test" finished-at="2026-07-28T13:38:59 SAST" duration-ms="154681">
      <class name="api.AutomationExerciseAPITests">
        <test-method is-config="true" signature="setupData()[pri:0, instance:api.AutomationExerciseAPITests@796d33eb]" started-at="2026-07-28T13:36:24 SAST" name="setupData" finished-at="2026-07-28T13:37:19 SAST" duration-ms="55111" status="PASS">
          <reporter-output>
          </reporter-output>
        </test-method> <!-- setupData -->
        <test-method signature="verifyLoginWithValidLoginDetails()[pri:1, instance:api.AutomationExerciseAPITests@796d33eb]" started-at="2026-07-28T13:37:20 SAST" name="verifyLoginWithValidLoginDetails" finished-at="2026-07-28T13:37:40 SAST" duration-ms="20056" status="FAIL">
          <exception class="java.lang.AssertionError">
            <message>
              <![CDATA[Failed to verify success message body. expected [User exists] but found [User exists!]]]>
            </message>
            <full-stacktrace>
              <![CDATA[java.lang.AssertionError: Failed to verify success message body. expected [User exists] but found [User exists!]
at org.testng.Assert.fail(Assert.java:111)
at org.testng.Assert.failNotEquals(Assert.java:1590)
at org.testng.Assert.assertEqualsImpl(Assert.java:150)
at org.testng.Assert.assertEquals(Assert.java:132)
at org.testng.Assert.assertEquals(Assert.java:656)
at api.AutomationExerciseAPITests.verifyLoginWithValidLoginDetails(AutomationExerciseAPITests.java:58)
at java.base/jdk.internal.reflect.DirectMethodHandleAccessor.invoke(DirectMethodHandleAccessor.java:103)
at java.base/java.lang.reflect.Method.invoke(Method.java:580)
at org.testng.internal.invokers.MethodInvocationHelper.invokeMethod(MethodInvocationHelper.java:141)
at org.testng.internal.invokers.TestInvoker.invokeMethod(TestInvoker.java:687)
at org.testng.internal.invokers.TestInvoker.invokeTestMethod(TestInvoker.java:230)
at org.testng.internal.invokers.MethodRunner.runInSequence(MethodRunner.java:63)
at org.testng.internal.invokers.TestInvoker$MethodInvocationAgent.invoke(TestInvoker.java:995)
at org.testng.internal.invokers.TestInvoker.invokeTestMethods(TestInvoker.java:203)
at org.testng.internal.invokers.TestMethodWorker.invokeTestMethods(TestMethodWorker.java:154)
at org.testng.internal.invokers.TestMethodWorker.run(TestMethodWorker.java:134)
at java.base/java.util.ArrayList.forEach(ArrayList.java:1596)
at org.testng.TestRunner.privateRun(TestRunner.java:741)
at org.testng.TestRunner.run(TestRunner.java:616)
at org.testng.SuiteRunner.runTest(SuiteRunner.java:421)
at org.testng.SuiteRunner.runSequentially(SuiteRunner.java:413)
at org.testng.SuiteRunner.privateRun(SuiteRunner.java:373)
at org.testng.SuiteRunner.run(SuiteRunner.java:312)
at org.testng.SuiteRunnerWorker.runSuite(SuiteRunnerWorker.java:52)
at org.testng.SuiteRunnerWorker.run(SuiteRunnerWorker.java:95)
at org.testng.TestNG.runSuitesSequentially(TestNG.java:1274)
at org.testng.TestNG.runSuitesLocally(TestNG.java:1208)
at org.testng.TestNG.runSuites(TestNG.java:1112)
at org.testng.TestNG.run(TestNG.java:1079)
at org.apache.maven.surefire.testng.TestNGExecutor.run(TestNGExecutor.java:155)
at org.apache.maven.surefire.testng.TestNGDirectoryTestSuite.executeSingleClass(TestNGDirectoryTestSuite.java:102)
at org.apache.maven.surefire.testng.TestNGDirectoryTestSuite.execute(TestNGDirectoryTestSuite.java:91)
at org.apache.maven.surefire.testng.TestNGProvider.invoke(TestNGProvider.java:137)
at org.apache.maven.surefire.booter.ForkedBooter.runSuitesInProcess(ForkedBooter.java:385)
at org.apache.maven.surefire.booter.ForkedBooter.execute(ForkedBooter.java:162)
at org.apache.maven.surefire.booter.ForkedBooter.run(ForkedBooter.java:507)
at org.apache.maven.surefire.booter.ForkedBooter.main(ForkedBooter.java:495)
]]>
            </full-stacktrace>
          </exception> <!-- java.lang.AssertionError -->
          <reporter-output>
          </reporter-output>
        </test-method> <!-- verifyLoginWithValidLoginDetails -->
        <test-method signature="verifyLoginWithoutEmailParameter()[pri:2, instance:api.AutomationExerciseAPITests@796d33eb]" started-at="2026-07-28T13:37:41 SAST" name="verifyLoginWithoutEmailParameter" finished-at="2026-07-28T13:37:47 SAST" duration-ms="5482" status="PASS">
          <reporter-output>
          </reporter-output>
        </test-method> <!-- verifyLoginWithoutEmailParameter -->
        <test-method signature="verifySearchProductItem()[pri:3, instance:api.AutomationExerciseAPITests@796d33eb]" started-at="2026-07-28T13:37:47 SAST" name="verifySearchProductItem" finished-at="2026-07-28T13:38:02 SAST" duration-ms="15254" status="PASS">
          <reporter-output>
          </reporter-output>
        </test-method> <!-- verifySearchProductItem -->
        <test-method signature="verifyReturnUserDetailsByEmail()[pri:4, instance:api.AutomationExerciseAPITests@796d33eb]" started-at="2026-07-28T13:38:02 SAST" name="verifyReturnUserDetailsByEmail" finished-at="2026-07-28T13:38:19 SAST" duration-ms="17188" status="PASS">
          <reporter-output>
          </reporter-output>
        </test-method> <!-- verifyReturnUserDetailsByEmail -->
        <test-method signature="verifyUserAccountUpdate()[pri:5, instance:api.AutomationExerciseAPITests@796d33eb]" started-at="2026-07-28T13:38:20 SAST" name="verifyUserAccountUpdate" finished-at="2026-07-28T13:38:28 SAST" duration-ms="8900" status="PASS">
          <reporter-output>
          </reporter-output>
        </test-method> <!-- verifyUserAccountUpdate -->
        <test-method signature="verifyDeleteUserAccount()[pri:6, instance:api.AutomationExerciseAPITests@796d33eb]" started-at="2026-07-28T13:38:28 SAST" name="verifyDeleteUserAccount" finished-at="2026-07-28T13:38:40 SAST" duration-ms="11426" status="PASS">
          <reporter-output>
          </reporter-output>
        </test-method> <!-- verifyDeleteUserAccount -->
        <test-method signature="verifyLoginWithInvalidDetails()[pri:7, instance:api.AutomationExerciseAPITests@796d33eb]" started-at="2026-07-28T13:38:40 SAST" name="verifyLoginWithInvalidDetails" finished-at="2026-07-28T13:38:50 SAST" duration-ms="9529" status="PASS">
          <reporter-output>
          </reporter-output>
        </test-method> <!-- verifyLoginWithInvalidDetails -->
        <test-method signature="verifyDeleteLogin()[pri:8, instance:api.AutomationExerciseAPITests@796d33eb]" started-at="2026-07-28T13:38:50 SAST" name="verifyDeleteLogin" finished-at="2026-07-28T13:38:59 SAST" duration-ms="9044" status="PASS">
          <reporter-output>
          </reporter-output>
        </test-method> <!-- verifyDeleteLogin -->
      </class> <!-- api.AutomationExerciseAPITests -->
    </test> <!-- Surefire test -->
  </suite> <!-- Surefire suite -->
</testng-results>
