<?xml version="1.0" encoding="UTF-8"?>
<testsuite xmlns:xsi="http://www.w3.org/2001/XMLSchema-instance" xsi:noNamespaceSchemaLocation="https://maven.apache.org/surefire/maven-surefire-plugin/xsd/surefire-test-report.xsd" version="3.0.2" name="ui.LoginTest" time="181.439" tests="1" errors="0" skipped="0" failures="0">
  <properties>
[...]
</properties>
  <testcase name="verifyUserCanLoginSuccessfully" classname="ui.LoginTest" time="32.754">
    <system-out><![CDATA[2026-07-22 14:00:35 WARN  TestNG - Ignoring duplicate listener : io.qameta.allure.testng.AllureTestNg
2026-07-22 14:00:35 WARN  TestNG - Ignoring duplicate listener : io.qameta.allure.testng.AllureTestNg
2026-07-22 14:00:35 WARN  TestNG - Ignoring duplicate listener : io.qameta.allure.testng.AllureTestNg
2026-07-22 14:00:35 WARN  TestNG - Ignoring duplicate listener : io.qameta.allure.testng.AllureTestNg
2026-07-22 14:01:24 INFO  FrameworkLogger - Created user: user1784721640511@test.com
2026-07-22 14:01:51 INFO  FrameworkLogger - Allure environment.properties created successfully.
2026-07-22 14:01:51 INFO  FrameworkLogger - Waiting for a page to load
2026-07-22 14:01:51 INFO  FrameworkLogger - Navigating to a https://automationexercise.com
2026-07-22 14:02:11 INFO  FrameworkLogger - ========== START TEST: verifyUserCanLoginSuccessfully ==========
2026-07-22 14:02:11 INFO  FrameworkLogger - User navigate to the login page
2026-07-22 14:02:12 INFO  FrameworkLogger - Clicking an element
2026-07-22 14:02:16 INFO  FrameworkLogger - User enters valid email address, password and click login button
2026-07-22 14:02:17 INFO  FrameworkLogger - Clearing a text field
2026-07-22 14:02:18 INFO  FrameworkLogger - Setting text to a text field
2026-07-22 14:02:21 INFO  FrameworkLogger - Clearing a text field
2026-07-22 14:02:22 INFO  FrameworkLogger - Setting text to a text field
2026-07-22 14:02:23 INFO  FrameworkLogger - Clicking an element
2026-07-22 14:02:28 INFO  FrameworkLogger - Validating success user logged in
2026-07-22 14:02:44 INFO  FrameworkLogger - Returned text is : Logged in as Neville Ullrich
2026-07-22 14:02:44 INFO  FrameworkLogger - Text validation passed for Logged In user: Logged in as Neville Ullrich
2026-07-22 14:02:44 INFO  FrameworkLogger - ========== END TEST: verifyUserCanLoginSuccessfully ==========
]]></system-out>
    <system-err><![CDATA[July 22, 2026 2:01:50 PM org.openqa.selenium.devtools.CdpVersionFinder findNearestMatch
WARNING: Unable to find an exact match for CDP version 150, returning the closest version; found: 147; Please update to a Selenium version that supports CDP version 150
]]></system-err>
  </testcase>
</testsuite>