<?xml version="1.0" encoding="UTF-8"?>
<testng-results ignored="3" total="4" passed="1" failed="0" skipped="0">
  <reporter-output>
  </reporter-output>
  <suite started-at="2026-07-21T13:51:28 SAST" name="Surefire suite" finished-at="2026-07-21T13:54:25 SAST" duration-ms="177169">
    <groups>
    </groups>
    <test started-at="2026-07-21T13:51:28 SAST" name="Surefire test" finished-at="2026-07-21T13:54:25 SAST" duration-ms="177169">
      <class name="ui.LoginTest">
        <test-method is-config="true" signature="createAllureEnvironment()[pri:0, instance:ui.LoginTest@3e377967]" started-at="2026-07-21T13:51:27 SAST" name="createAllureEnvironment" finished-at="2026-07-21T13:51:28 SAST" duration-ms="275" status="PASS">
          <reporter-output>
          </reporter-output>
        </test-method> <!-- createAllureEnvironment -->
        <test-method is-config="true" signature="setup()[pri:0, instance:ui.LoginTest@3e377967]" started-at="2026-07-21T13:51:28 SAST" name="setup" finished-at="2026-07-21T13:53:06 SAST" duration-ms="98174" status="PASS">
          <reporter-output>
          </reporter-output>
        </test-method> <!-- setup -->
        <test-method is-config="true" signature="setUpPages()[pri:0, instance:ui.LoginTest@3e377967]" started-at="2026-07-21T13:53:11 SAST" name="setUpPages" finished-at="2026-07-21T13:53:14 SAST" duration-ms="3009" status="PASS">
          <reporter-output>
          </reporter-output>
        </test-method> <!-- setUpPages -->
        <test-method signature="verifyUserCanLoginSuccessfully()[pri:1, instance:ui.LoginTest@3e377967]" started-at="2026-07-21T13:53:14 SAST" name="verifyUserCanLoginSuccessfully" finished-at="2026-07-21T13:53:53 SAST" duration-ms="39015" status="PASS">
          <reporter-output>
          </reporter-output>
        </test-method> <!-- verifyUserCanLoginSuccessfully -->
        <test-method is-config="true" signature="tearDown(org.testng.ITestResult)[pri:0, instance:ui.LoginTest@3e377967]" started-at="2026-07-21T13:53:54 SAST" name="tearDown" finished-at="2026-07-21T13:54:25 SAST" duration-ms="31202" status="PASS">
          <params>
            <param index="0">
              <value>
                <![CDATA[[TestResult name=verifyUserCanLoginSuccessfully status=SUCCESS method=LoginTest.verifyUserCanLoginSuccessfully()[pri:1, instance:ui.LoginTest@3e377967] output={null}]]]>
              </value>
            </param>
          </params>
          <reporter-output>
          </reporter-output>
        </test-method> <!-- tearDown -->
      </class> <!-- ui.LoginTest -->
    </test> <!-- Surefire test -->
  </suite> <!-- Surefire suite -->
</testng-results>
