<?xml version="1.0" encoding="UTF-8"?>
<testsuite xmlns:xsi="http://www.w3.org/2001/XMLSchema-instance" xsi:noNamespaceSchemaLocation="https://maven.apache.org/surefire/maven-surefire-plugin/xsd/surefire-test-report.xsd" version="3.0.2" name="TestSuite" time="75.244" tests="3" errors="0" skipped="2" failures="1">
  <properties>
[...]
</properties>
  <testcase name="setup" classname="ui.tests.CartTest" time="74.278">
    <failure message="Expected JSON response but received: text/html; charset=utf-8&#10;Response:&#10;&lt;!DOCTYPE html&gt;&#10;&lt;html lang=&quot;en&quot;&gt;&#10;&lt;head&gt;&#10;  &lt;meta charset=&quot;utf8&quot;&gt;&#10;  &lt;meta name=&quot;viewport&quot; content=&quot;width=device-width,initial-scale=1.0&quot;&gt;&#10;  &lt;script&gt;&#10;      (function(){&#10;          setTimeout(function(){&#10;              window.location.reload();&#10;          }, 5000);&#10;      }())&#10;  &lt;/script&gt;&#10;  &lt;link rel=&quot;icon&quot; href=&quot;data:,&quot;&gt;&#10;  &lt;title&gt;One moment, please...&lt;/title&gt;&#10;  &lt;style&gt;&#10;.spinner {&#10;    -webkit-animation: spin 1s ease-out;&#10;    animation: spin 1s ease-out;&#10;}&#10;@keyframes spin {&#10;    0% {&#10;        -webkit-transform: rotate(0deg);&#10;        -moz-transform: rotate(0deg);&#10;        -ms-transform: rotate(0deg);&#10;        -o-transform: rotate(0deg);&#10;        transform: rotate(0deg);&#10;    }&#10;    100% {&#10;        -webkit-transform: rotate(360deg);&#10;        -moz-transform: rotate(360deg);&#10;        -ms-transform: rotate(360deg);&#10;        -o-transform: rotate(360deg);&#10;        transform: rotate(360deg);&#10;    }&#10;}&#10;#outer-container {&#10;    text-align: center;&#10;}&#10;#container {&#10;        display: inline-block;&#10;        height: 100px;&#10;    }&#10;#text {&#10;    float: left;&#10;    height: 100px;&#10;    line-height: 100px;&#10;    font-size: 3rem;&#10;    font-family: &quot;Montserrat&quot;, sans-serif;&#10;    font-optical-sizing: auto;&#10;    font-weight: 400;&#10;    font-style: normal;&#10;    padding: 0 .4em 0 .2em;&#10;    letter-spacing: 0.06em;&#10;    color: rgba(38, 122, 72, 0.86);&#10;}&#10;@media (min-height: 180px) {&#10;    #outer-container {&#10;        margin-top: 0;&#10;    }&#10;}&#10;@media (min-height: 360px) {&#10;    #outer-container {&#10;        margin-top: 5%;&#10;    }&#10;}&#10;@media (min-height: 540px) {&#10;    #outer-container {&#10;        margin-top: 10%;&#10;    }&#10;}&#10;@media (min-height: 720px) {&#10;    #outer-container {&#10;        margin-top: 20%;&#10;    }&#10;}&#10;@media (min-width: 1450px) {&#10;    .throbber {&#10;        width: 90px;&#10;        height: 90px;&#10;        float: left;&#10;        padding: 5px 0 5px 5px;&#10;        opacity: 0.86;&#10;    }&#10;    #container {&#10;        display: inline-block;&#10;        border: 3px solid rgb(38, 122, 72, 0.86);&#10;        border-radius: 51px;&#10;        height: 100px;&#10;    }&#10;}&#10;&#10;  &lt;/style&gt;&#10;&lt;/head&gt;&#10;&lt;body&gt;&#10;  &lt;div id=&quot;outer-container&quot;&gt;&#10;    &lt;div id=&quot;container&quot;&gt;&#10;&#10;      &lt;div id=&quot;text&quot;&gt;&#10;        Please wait while your request is being verified...&#10;      &lt;/div&gt;&#10;    &lt;/div&gt;&#10;  &lt;/div&gt;&#10;  &lt;div id=&quot;ye06wfvxn2bi&quot;&gt;&lt;/div&gt;&#10;  &lt;script&gt;&#10;var a0Y=a0U;function a0a(){var Q=[&apos;plugins&apos;,&apos;entries&apos;,&apos;navigator&apos;,&apos;test&apos;,&apos;GET&apos;,&apos;ById&apos;,&apos;type&apos;,&apos;submit&apos;,&apos;344662PSbtOv&apos;,&apos;2822344ltnVWf&apos;,&apos;languages&apos;,&apos;onreadysta&apos;,&apos;419578QPHGky&apos;,&apos;mimeTypes&apos;,&apos;1913868ZGXXUf&apos;,&apos;userAgent&apos;,&apos;document&apos;,&apos;3ncDfxN&apos;,&apos;value&apos;,&apos;(((.+)+)+)&apos;,&apos;__proto__&apos;,&apos;language&apos;,&apos;cttl&apos;,&apos;name&apos;,&apos;createElem&apos;,&apos;search&apos;,&apos;prototype&apos;,&apos;toString&apos;,&apos;form&apos;,&apos;append&apos;,&apos;appVersion&apos;,&apos;a6105c0a61&apos;,&apos;DOMContent&apos;,&apos;d49030b349&apos;,&apos;forEach&apos;,&apos;action&apos;,&apos;ent&apos;,&apos;0950635027&apos;,&apos;input&apos;,&apos;style&apos;,&apos;stener&apos;,&apos;webdriver&apos;,&apos;2588576kGIYRY&apos;,&apos;ne;&apos;,&apos;addEventLi&apos;,&apos;attachEven&apos;,&apos;display:no&apos;,&apos;appendChil&apos;,&apos;constructo&apos;,&apos;7fa3b767c4&apos;,&apos;16692016wdgMuF&apos;,&apos;Loaded&apos;,&apos;length&apos;,&apos;1b41b08f12&apos;,&apos;hidden&apos;,&apos;2461225wXYuHz&apos;,&apos;map&apos;];a0a=function(){return Q;};return a0a();}function a0U(T,n){var a=a0a();return a0U=function(U,b){U=U-0x144;var s=a[U];return s;},a0U(T,n);}(function(T,n){var a0c={T:0x164,n:0x169,a:0x166,U:0x161,b:0x151},t=a0U,a=T();while(!![]){try{var U=parseInt(t(0x160))/0x1+-parseInt(t(a0c.T))/0x2*(parseInt(t(a0c.n))/0x3)+-parseInt(t(0x149))/0x4+-parseInt(t(0x156))/0x5+-parseInt(t(a0c.a))/0x6+-parseInt(t(a0c.U))/0x7+parseInt(t(a0c.b))/0x8;if(U===n)break;else a[&apos;push&apos;](a[&apos;shift&apos;]());}catch(b){a[&apos;push&apos;](a[&apos;shift&apos;]());}}}(a0a,0x57d88));var a0b=window[a0Y(0x15a)],a0s={&apos;webdriverCheck&apos;:function(){var a0Z={T:0x148},i=a0Y;return i(0x148)in window||!!a0b[i(a0Z.T)];},&apos;userAgentCheck&apos;:function(){var B=a0Y;return/headless|bytespider/i[B(0x15b)](a0b[B(0x167)]);},&apos;appVersionCheck&apos;:function(){var a0v={T:0x15b,n:0x176},h=a0Y;return/headless/i[h(a0v.T)](a0b[h(a0v.n)]);},&apos;pluginArraySpoofing&apos;:function(){var a0S={T:0x172,n:0x16c,a:0x153},g=a0Y;let T=PluginArray[g(a0S.T)]===a0b[g(0x158)][g(a0S.n)];if(a0b[g(0x158)][g(a0S.a)]&gt;0x0)T&amp;=Plugin[g(a0S.T)]===a0b[g(0x158)][0x0][g(0x16c)];return!T;},&apos;mimeTypeArraySpoofing&apos;:function(){var a0J={T:0x16c,n:0x153},o=a0Y;let T=MimeTypeArray[o(0x172)]===a0b[o(0x165)][o(a0J.T)];if(a0b[o(0x165)][o(a0J.n)]&gt;0x0)T&amp;=MimeType[&apos;prototype&apos;]===a0b[o(0x165)][0x0][&apos;__proto__&apos;];return!T;},&apos;noLanguage&apos;:function(){var a0E={T:0x162,n:0x153},F=a0Y;return!a0b[F(0x16d)]||a0b[F(a0E.T)][F(a0E.n)]===0x0;},&apos;zeroOuterDimensions&apos;:function(){return window[&apos;outerHeigh&apos;+&apos;t&apos;]===0x0&amp;&amp;window[&apos;outerWidth&apos;]===0x0;}},a0p=function(a,U){var a0m={T:0x14b,n:0x168,a:0x14c,U:0x163},a0K={T:0x16b,n:0x173,a:0x14f},d=a0Y,b=(function(){var p=!![];return function(r,V){var R=p?function(){if(V){var C=V[&apos;apply&apos;](r,arguments);return V=null,C;}}:function(){};return p=![],R;};}()),s=b(this,function(){var u=a0U;return s[u(0x173)]()[u(0x171)](u(a0K.T)+&apos;+$&apos;)[u(a0K.n)]()[u(a0K.a)+&apos;r&apos;](s)[u(0x171)](u(a0K.T)+&apos;+$&apos;);});s(),window[d(a0m.T)+&apos;stener&apos;]?window[d(a0m.n)][&apos;addEventLi&apos;+d(0x147)](d(0x178)+d(0x152),a,U):window[d(0x168)][d(a0m.a)+&apos;t&apos;](d(a0m.U)+&apos;techange&apos;,a);};a0p(function(){var a0k={T:0x170,n:0x168,a:0x17c,U:0x145,b:0x170,s:0x170,p:0x145,r:0x145,V:0x159,R:0x175,C:0x154,L:0x175,G:0x17a,e:0x173,q:0x14d,A:0x17b,N:0x16f,l:0x155,f:0x16a,x:0x15e,y:0x15e,Y:0x14e,c:0x15f};setTimeout(function(){var z=a0U,T=window[z(0x168)][&apos;getElement&apos;+z(0x15d)](&apos;ye06wfvxn2bi&apos;),n=+((+!+[]+!![]+!![])+(+!+[]+!![]+!![]+!![]+!![]+!![]+[])+(+!+[]+!![]+!![]+!![]+!![]+!![]+!![]+!![])+(+!+[]+!![]+!![]+[])+(+!+[]+!![]+!![]+!![])+(+!+[]+!![]+[])+(+!+[]+!![]+!![]+!![]+!![]+!![]+!![]+!![])),a=window[z(0x168)][z(a0k.T)+z(0x17c)](z(0x174)),U=window[z(a0k.n)][&apos;createElem&apos;+z(0x17c)](z(0x145)),b=window[&apos;document&apos;][z(0x170)+z(a0k.a)](z(a0k.U)),s=window[&apos;document&apos;][z(a0k.b)+&apos;ent&apos;](&apos;input&apos;),p=window[&apos;document&apos;][z(a0k.s)+&apos;ent&apos;](z(a0k.p)),r=window[z(0x168)][z(0x170)+&apos;ent&apos;](z(a0k.r)),V=+((+!+[]+!![]+!![]+!![]+!![]+!![])+(+!+[]+!![]+!![]+!![]+!![]+[])+(+![])+(+!+[]+[])+(+!+[]+!![]+!![]+!![]+!![]+!![]+!![]+!![]+!![])+(+!+[]+!![]+!![]+!![]+!![]+!![]+!![]+!![]+[])+(+!+[]+!![]+!![]+!![]+!![])),R=&apos;wsidchk&apos;,C=&apos;pdata&apos;,L=&apos;https%3A%2F%2Fautomationexercise.com%2Fapi%2FcreateAccount&apos;,G=&apos;/z0f76a1d14fd21a8fb5fd0d03e0fdc3d3cedae52f&apos;,e=&apos;failedChecks&apos;,q=Object[z(a0k.V)](a0s)[z(0x157)](([f,x])=&gt;{try{return x()?f:null;}catch(y){return null;}})[&apos;filter&apos;](f=&gt;f!==null),A=q[&apos;length&apos;]&gt;0x0;if(A){var N=new URLSearchParams();N[z(a0k.R)](&apos;id&apos;,z(0x177)+z(a0k.C)+z(0x144)+&apos;9e&apos;),N[z(0x175)](&apos;ts&apos;,&apos;1788777564&apos;),N[&apos;append&apos;](R,n+V),N[z(a0k.L)](C,L),N[z(a0k.R)](z(0x16e),&apos;0&apos;),q[z(a0k.G)](f=&gt;N[z(0x175)](e,f));var l=new XMLHttpRequest();l[&apos;open&apos;](z(0x15c),G+&apos;?&apos;+N[z(a0k.e)]()),l[&apos;send&apos;](null);}else a[&apos;id&apos;]=&apos;ye06wfvxn2bi&apos;,a[z(0x146)]=z(a0k.q)+z(0x14a),a[&apos;method&apos;]=z(0x15c),a[z(a0k.A)]=G,U[&apos;id&apos;]=&apos;akjw30ebnafs&apos;,U[z(a0k.N)]=R,U[z(0x16a)]=n+V,U[z(0x15e)]=z(a0k.l),s[z(a0k.N)]=&apos;id&apos;,s[&apos;value&apos;]=z(0x150)+&apos;60b54a2be4&apos;+z(0x179)+&apos;c7&apos;,s[&apos;type&apos;]=z(a0k.l),p[z(a0k.N)]=&apos;ts&apos;,p[z(a0k.f)]=&apos;1788777564&apos;,p[z(0x15e)]=z(0x155),b[&apos;id&apos;]=&apos;g1mt3wf1k4rl&apos;,b[z(a0k.N)]=C,b[&apos;value&apos;]=L,b[z(a0k.x)]=&apos;hidden&apos;,r[&apos;name&apos;]=z(0x16e),r[z(0x16a)]=&apos;0&apos;,r[z(a0k.y)]=&apos;hidden&apos;,a[z(a0k.Y)+&apos;d&apos;](U),a[z(0x14e)+&apos;d&apos;](b),a[z(0x14e)+&apos;d&apos;](s),a[z(0x14e)+&apos;d&apos;](p),a[&apos;appendChil&apos;+&apos;d&apos;](r),T[z(0x14e)+&apos;d&apos;](a),a[z(a0k.c)]();},0x3e8);},![]);&#10;  &lt;/script&gt;&#10;&lt;/body&gt;&#10;&lt;/html&gt;&#10;" type="java.lang.RuntimeException"><![CDATA[java.lang.RuntimeException: 
Expected JSON response but received: text/html; charset=utf-8
Response:
<!DOCTYPE html>
<html lang="en">
<head>
  <meta charset="utf8">
  <meta name="viewport" content="width=device-width,initial-scale=1.0">
  <script>
      (function(){
          setTimeout(function(){
              window.location.reload();
          }, 5000);
      }())
  </script>
  <link rel="icon" href="data:,">
  <title>One moment, please...</title>
  <style>
.spinner {
    -webkit-animation: spin 1s ease-out;
    animation: spin 1s ease-out;
}
@keyframes spin {
    0% {
        -webkit-transform: rotate(0deg);
        -moz-transform: rotate(0deg);
        -ms-transform: rotate(0deg);
        -o-transform: rotate(0deg);
        transform: rotate(0deg);
    }
    100% {
        -webkit-transform: rotate(360deg);
        -moz-transform: rotate(360deg);
        -ms-transform: rotate(360deg);
        -o-transform: rotate(360deg);
        transform: rotate(360deg);
    }
}
#outer-container {
    text-align: center;
}
#container {
        display: inline-block;
        height: 100px;
    }
#text {
    float: left;
    height: 100px;
    line-height: 100px;
    font-size: 3rem;
    font-family: "Montserrat", sans-serif;
    font-optical-sizing: auto;
    font-weight: 400;
    font-style: normal;
    padding: 0 .4em 0 .2em;
    letter-spacing: 0.06em;
    color: rgba(38, 122, 72, 0.86);
}
@media (min-height: 180px) {
    #outer-container {
        margin-top: 0;
    }
}
@media (min-height: 360px) {
    #outer-container {
        margin-top: 5%;
    }
}
@media (min-height: 540px) {
    #outer-container {
        margin-top: 10%;
    }
}
@media (min-height: 720px) {
    #outer-container {
        margin-top: 20%;
    }
}
@media (min-width: 1450px) {
    .throbber {
        width: 90px;
        height: 90px;
        float: left;
        padding: 5px 0 5px 5px;
        opacity: 0.86;
    }
    #container {
        display: inline-block;
        border: 3px solid rgb(38, 122, 72, 0.86);
        border-radius: 51px;
        height: 100px;
    }
}

  </style>
</head>
<body>
  <div id="outer-container">
    <div id="container">

      <div id="text">
        Please wait while your request is being verified...
      </div>
    </div>
  </div>
  <div id="ye06wfvxn2bi"></div>
  <script>
var a0Y=a0U;function a0a(){var Q=['plugins','entries','navigator','test','GET','ById','type','submit','344662PSbtOv','2822344ltnVWf','languages','onreadysta','419578QPHGky','mimeTypes','1913868ZGXXUf','userAgent','document','3ncDfxN','value','(((.+)+)+)','__proto__','language','cttl','name','createElem','search','prototype','toString','form','append','appVersion','a6105c0a61','DOMContent','d49030b349','forEach','action','ent','0950635027','input','style','stener','webdriver','2588576kGIYRY','ne;','addEventLi','attachEven','display:no','appendChil','constructo','7fa3b767c4','16692016wdgMuF','Loaded','length','1b41b08f12','hidden','2461225wXYuHz','map'];a0a=function(){return Q;};return a0a();}function a0U(T,n){var a=a0a();return a0U=function(U,b){U=U-0x144;var s=a[U];return s;},a0U(T,n);}(function(T,n){var a0c={T:0x164,n:0x169,a:0x166,U:0x161,b:0x151},t=a0U,a=T();while(!![]){try{var U=parseInt(t(0x160))/0x1+-parseInt(t(a0c.T))/0x2*(parseInt(t(a0c.n))/0x3)+-parseInt(t(0x149))/0x4+-parseInt(t(0x156))/0x5+-parseInt(t(a0c.a))/0x6+-parseInt(t(a0c.U))/0x7+parseInt(t(a0c.b))/0x8;if(U===n)break;else a['push'](a['shift']());}catch(b){a['push'](a['shift']());}}}(a0a,0x57d88));var a0b=window[a0Y(0x15a)],a0s={'webdriverCheck':function(){var a0Z={T:0x148},i=a0Y;return i(0x148)in window||!!a0b[i(a0Z.T)];},'userAgentCheck':function(){var B=a0Y;return/headless|bytespider/i[B(0x15b)](a0b[B(0x167)]);},'appVersionCheck':function(){var a0v={T:0x15b,n:0x176},h=a0Y;return/headless/i[h(a0v.T)](a0b[h(a0v.n)]);},'pluginArraySpoofing':function(){var a0S={T:0x172,n:0x16c,a:0x153},g=a0Y;let T=PluginArray[g(a0S.T)]===a0b[g(0x158)][g(a0S.n)];if(a0b[g(0x158)][g(a0S.a)]>0x0)T&=Plugin[g(a0S.T)]===a0b[g(0x158)][0x0][g(0x16c)];return!T;},'mimeTypeArraySpoofing':function(){var a0J={T:0x16c,n:0x153},o=a0Y;let T=MimeTypeArray[o(0x172)]===a0b[o(0x165)][o(a0J.T)];if(a0b[o(0x165)][o(a0J.n)]>0x0)T&=MimeType['prototype']===a0b[o(0x165)][0x0]['__proto__'];return!T;},'noLanguage':function(){var a0E={T:0x162,n:0x153},F=a0Y;return!a0b[F(0x16d)]||a0b[F(a0E.T)][F(a0E.n)]===0x0;},'zeroOuterDimensions':function(){return window['outerHeigh'+'t']===0x0&&window['outerWidth']===0x0;}},a0p=function(a,U){var a0m={T:0x14b,n:0x168,a:0x14c,U:0x163},a0K={T:0x16b,n:0x173,a:0x14f},d=a0Y,b=(function(){var p=!![];return function(r,V){var R=p?function(){if(V){var C=V['apply'](r,arguments);return V=null,C;}}:function(){};return p=![],R;};}()),s=b(this,function(){var u=a0U;return s[u(0x173)]()[u(0x171)](u(a0K.T)+'+$')[u(a0K.n)]()[u(a0K.a)+'r'](s)[u(0x171)](u(a0K.T)+'+$');});s(),window[d(a0m.T)+'stener']?window[d(a0m.n)]['addEventLi'+d(0x147)](d(0x178)+d(0x152),a,U):window[d(0x168)][d(a0m.a)+'t'](d(a0m.U)+'techange',a);};a0p(function(){var a0k={T:0x170,n:0x168,a:0x17c,U:0x145,b:0x170,s:0x170,p:0x145,r:0x145,V:0x159,R:0x175,C:0x154,L:0x175,G:0x17a,e:0x173,q:0x14d,A:0x17b,N:0x16f,l:0x155,f:0x16a,x:0x15e,y:0x15e,Y:0x14e,c:0x15f};setTimeout(function(){var z=a0U,T=window[z(0x168)]['getElement'+z(0x15d)]('ye06wfvxn2bi'),n=+((+!+[]+!![]+!![])+(+!+[]+!![]+!![]+!![]+!![]+!![]+[])+(+!+[]+!![]+!![]+!![]+!![]+!![]+!![]+!![])+(+!+[]+!![]+!![]+[])+(+!+[]+!![]+!![]+!![])+(+!+[]+!![]+[])+(+!+[]+!![]+!![]+!![]+!![]+!![]+!![]+!![])),a=window[z(0x168)][z(a0k.T)+z(0x17c)](z(0x174)),U=window[z(a0k.n)]['createElem'+z(0x17c)](z(0x145)),b=window['document'][z(0x170)+z(a0k.a)](z(a0k.U)),s=window['document'][z(a0k.b)+'ent']('input'),p=window['document'][z(a0k.s)+'ent'](z(a0k.p)),r=window[z(0x168)][z(0x170)+'ent'](z(a0k.r)),V=+((+!+[]+!![]+!![]+!![]+!![]+!![])+(+!+[]+!![]+!![]+!![]+!![]+[])+(+![])+(+!+[]+[])+(+!+[]+!![]+!![]+!![]+!![]+!![]+!![]+!![]+!![])+(+!+[]+!![]+!![]+!![]+!![]+!![]+!![]+!![]+[])+(+!+[]+!![]+!![]+!![]+!![])),R='wsidchk',C='pdata',L='https%3A%2F%2Fautomationexercise.com%2Fapi%2FcreateAccount',G='/z0f76a1d14fd21a8fb5fd0d03e0fdc3d3cedae52f',e='failedChecks',q=Object[z(a0k.V)](a0s)[z(0x157)](([f,x])=>{try{return x()?f:null;}catch(y){return null;}})['filter'](f=>f!==null),A=q['length']>0x0;if(A){var N=new URLSearchParams();N[z(a0k.R)]('id',z(0x177)+z(a0k.C)+z(0x144)+'9e'),N[z(0x175)]('ts','1788777564'),N['append'](R,n+V),N[z(a0k.L)](C,L),N[z(a0k.R)](z(0x16e),'0'),q[z(a0k.G)](f=>N[z(0x175)](e,f));var l=new XMLHttpRequest();l['open'](z(0x15c),G+'?'+N[z(a0k.e)]()),l['send'](null);}else a['id']='ye06wfvxn2bi',a[z(0x146)]=z(a0k.q)+z(0x14a),a['method']=z(0x15c),a[z(a0k.A)]=G,U['id']='akjw30ebnafs',U[z(a0k.N)]=R,U[z(0x16a)]=n+V,U[z(0x15e)]=z(a0k.l),s[z(a0k.N)]='id',s['value']=z(0x150)+'60b54a2be4'+z(0x179)+'c7',s['type']=z(a0k.l),p[z(a0k.N)]='ts',p[z(a0k.f)]='1788777564',p[z(0x15e)]=z(0x155),b['id']='g1mt3wf1k4rl',b[z(a0k.N)]=C,b['value']=L,b[z(a0k.x)]='hidden',r['name']=z(0x16e),r[z(0x16a)]='0',r[z(a0k.y)]='hidden',a[z(a0k.Y)+'d'](U),a[z(0x14e)+'d'](b),a[z(0x14e)+'d'](s),a[z(0x14e)+'d'](p),a['appendChil'+'d'](r),T[z(0x14e)+'d'](a),a[z(a0k.c)]();},0x3e8);},![]);
  </script>
</body>
</html>

	at api.services.UserApiService.registerRandomUser(UserApiService.java:108)
	at utility.BaseTest.setup(BaseTest.java:30)
	at java.base/jdk.internal.reflect.DirectMethodHandleAccessor.invoke(DirectMethodHandleAccessor.java:103)
	at java.base/java.lang.reflect.Method.invoke(Method.java:580)
	at org.testng.internal.invokers.MethodInvocationHelper.invokeMethod(MethodInvocationHelper.java:141)
	at org.testng.internal.invokers.MethodInvocationHelper.invokeMethodConsideringTimeout(MethodInvocationHelper.java:71)
	at org.testng.internal.invokers.ConfigInvoker.invokeConfigurationMethod(ConfigInvoker.java:400)
	at org.testng.internal.invokers.ConfigInvoker.invokeConfigurations(ConfigInvoker.java:333)
	at org.testng.internal.invokers.TestInvoker.runConfigMethods(TestInvoker.java:836)
	at org.testng.internal.invokers.TestInvoker.invokeMethod(TestInvoker.java:601)
	at org.testng.internal.invokers.TestInvoker.invokeTestMethod(TestInvoker.java:230)
	at org.testng.internal.invokers.MethodRunner.runInSequence(MethodRunner.java:63)
	at org.testng.internal.invokers.TestInvoker$MethodInvocationAgent.invoke(TestInvoker.java:995)
	at org.testng.internal.invokers.TestInvoker.invokeTestMethods(TestInvoker.java:203)
	at org.testng.internal.invokers.TestMethodWorker.invokeTestMethods(TestMethodWorker.java:154)
	at org.testng.internal.invokers.TestMethodWorker.run(TestMethodWorker.java:134)
	at java.base/java.util.ArrayList.forEach(ArrayList.java:1596)
	at org.testng.TestRunner.privateRun(TestRunner.java:741)
	at org.testng.TestRunner.run(TestRunner.java:616)
	at org.testng.SuiteRunner.runTest(SuiteRunner.java:421)
	at org.testng.SuiteRunner.runSequentially(SuiteRunner.java:413)
	at org.testng.SuiteRunner.privateRun(SuiteRunner.java:373)
	at org.testng.SuiteRunner.run(SuiteRunner.java:312)
	at org.testng.SuiteRunnerWorker.runSuite(SuiteRunnerWorker.java:52)
	at org.testng.SuiteRunnerWorker.run(SuiteRunnerWorker.java:95)
	at org.testng.TestNG.runSuitesSequentially(TestNG.java:1274)
	at org.testng.TestNG.runSuitesLocally(TestNG.java:1208)
	at org.testng.TestNG.runSuites(TestNG.java:1112)
	at org.testng.TestNG.run(TestNG.java:1079)
	at org.apache.maven.surefire.testng.TestNGExecutor.run(TestNGExecutor.java:308)
	at org.apache.maven.surefire.testng.TestNGXmlTestSuite.execute(TestNGXmlTestSuite.java:71)
	at org.apache.maven.surefire.testng.TestNGProvider.invoke(TestNGProvider.java:113)
	at org.apache.maven.surefire.booter.ForkedBooter.runSuitesInProcess(ForkedBooter.java:385)
	at org.apache.maven.surefire.booter.ForkedBooter.execute(ForkedBooter.java:162)
	at org.apache.maven.surefire.booter.ForkedBooter.run(ForkedBooter.java:507)
	at org.apache.maven.surefire.booter.ForkedBooter.main(ForkedBooter.java:495)
]]></failure>
  </testcase>
  <testcase name="setupLogin" classname="ui.tests.CartTest" time="0.0">
    <skipped/>
  </testcase>
  <testcase name="verifyAddSingleProductToCart" classname="ui.tests.CartTest" time="0.0">
    <skipped message="Expected JSON response but received: text/html; charset=utf-8&#10;Response:&#10;&lt;!DOCTYPE html&gt;&#10;&lt;html lang=&quot;en&quot;&gt;&#10;&lt;head&gt;&#10;  &lt;meta charset=&quot;utf8&quot;&gt;&#10;  &lt;meta name=&quot;viewport&quot; content=&quot;width=device-width,initial-scale=1.0&quot;&gt;&#10;  &lt;script&gt;&#10;      (function(){&#10;          setTimeout(function(){&#10;              window.location.reload();&#10;          }, 5000);&#10;      }())&#10;  &lt;/script&gt;&#10;  &lt;link rel=&quot;icon&quot; href=&quot;data:,&quot;&gt;&#10;  &lt;title&gt;One moment, please...&lt;/title&gt;&#10;  &lt;style&gt;&#10;.spinner {&#10;    -webkit-animation: spin 1s ease-out;&#10;    animation: spin 1s ease-out;&#10;}&#10;@keyframes spin {&#10;    0% {&#10;        -webkit-transform: rotate(0deg);&#10;        -moz-transform: rotate(0deg);&#10;        -ms-transform: rotate(0deg);&#10;        -o-transform: rotate(0deg);&#10;        transform: rotate(0deg);&#10;    }&#10;    100% {&#10;        -webkit-transform: rotate(360deg);&#10;        -moz-transform: rotate(360deg);&#10;        -ms-transform: rotate(360deg);&#10;        -o-transform: rotate(360deg);&#10;        transform: rotate(360deg);&#10;    }&#10;}&#10;#outer-container {&#10;    text-align: center;&#10;}&#10;#container {&#10;        display: inline-block;&#10;        height: 100px;&#10;    }&#10;#text {&#10;    float: left;&#10;    height: 100px;&#10;    line-height: 100px;&#10;    font-size: 3rem;&#10;    font-family: &quot;Montserrat&quot;, sans-serif;&#10;    font-optical-sizing: auto;&#10;    font-weight: 400;&#10;    font-style: normal;&#10;    padding: 0 .4em 0 .2em;&#10;    letter-spacing: 0.06em;&#10;    color: rgba(38, 122, 72, 0.86);&#10;}&#10;@media (min-height: 180px) {&#10;    #outer-container {&#10;        margin-top: 0;&#10;    }&#10;}&#10;@media (min-height: 360px) {&#10;    #outer-container {&#10;        margin-top: 5%;&#10;    }&#10;}&#10;@media (min-height: 540px) {&#10;    #outer-container {&#10;        margin-top: 10%;&#10;    }&#10;}&#10;@media (min-height: 720px) {&#10;    #outer-container {&#10;        margin-top: 20%;&#10;    }&#10;}&#10;@media (min-width: 1450px) {&#10;    .throbber {&#10;        width: 90px;&#10;        height: 90px;&#10;        float: left;&#10;        padding: 5px 0 5px 5px;&#10;        opacity: 0.86;&#10;    }&#10;    #container {&#10;        display: inline-block;&#10;        border: 3px solid rgb(38, 122, 72, 0.86);&#10;        border-radius: 51px;&#10;        height: 100px;&#10;    }&#10;}&#10;&#10;  &lt;/style&gt;&#10;&lt;/head&gt;&#10;&lt;body&gt;&#10;  &lt;div id=&quot;outer-container&quot;&gt;&#10;    &lt;div id=&quot;container&quot;&gt;&#10;&#10;      &lt;div id=&quot;text&quot;&gt;&#10;        Please wait while your request is being verified...&#10;      &lt;/div&gt;&#10;    &lt;/div&gt;&#10;  &lt;/div&gt;&#10;  &lt;div id=&quot;ye06wfvxn2bi&quot;&gt;&lt;/div&gt;&#10;  &lt;script&gt;&#10;var a0Y=a0U;function a0a(){var Q=[&apos;plugins&apos;,&apos;entries&apos;,&apos;navigator&apos;,&apos;test&apos;,&apos;GET&apos;,&apos;ById&apos;,&apos;type&apos;,&apos;submit&apos;,&apos;344662PSbtOv&apos;,&apos;2822344ltnVWf&apos;,&apos;languages&apos;,&apos;onreadysta&apos;,&apos;419578QPHGky&apos;,&apos;mimeTypes&apos;,&apos;1913868ZGXXUf&apos;,&apos;userAgent&apos;,&apos;document&apos;,&apos;3ncDfxN&apos;,&apos;value&apos;,&apos;(((.+)+)+)&apos;,&apos;__proto__&apos;,&apos;language&apos;,&apos;cttl&apos;,&apos;name&apos;,&apos;createElem&apos;,&apos;search&apos;,&apos;prototype&apos;,&apos;toString&apos;,&apos;form&apos;,&apos;append&apos;,&apos;appVersion&apos;,&apos;a6105c0a61&apos;,&apos;DOMContent&apos;,&apos;d49030b349&apos;,&apos;forEach&apos;,&apos;action&apos;,&apos;ent&apos;,&apos;0950635027&apos;,&apos;input&apos;,&apos;style&apos;,&apos;stener&apos;,&apos;webdriver&apos;,&apos;2588576kGIYRY&apos;,&apos;ne;&apos;,&apos;addEventLi&apos;,&apos;attachEven&apos;,&apos;display:no&apos;,&apos;appendChil&apos;,&apos;constructo&apos;,&apos;7fa3b767c4&apos;,&apos;16692016wdgMuF&apos;,&apos;Loaded&apos;,&apos;length&apos;,&apos;1b41b08f12&apos;,&apos;hidden&apos;,&apos;2461225wXYuHz&apos;,&apos;map&apos;];a0a=function(){return Q;};return a0a();}function a0U(T,n){var a=a0a();return a0U=function(U,b){U=U-0x144;var s=a[U];return s;},a0U(T,n);}(function(T,n){var a0c={T:0x164,n:0x169,a:0x166,U:0x161,b:0x151},t=a0U,a=T();while(!![]){try{var U=parseInt(t(0x160))/0x1+-parseInt(t(a0c.T))/0x2*(parseInt(t(a0c.n))/0x3)+-parseInt(t(0x149))/0x4+-parseInt(t(0x156))/0x5+-parseInt(t(a0c.a))/0x6+-parseInt(t(a0c.U))/0x7+parseInt(t(a0c.b))/0x8;if(U===n)break;else a[&apos;push&apos;](a[&apos;shift&apos;]());}catch(b){a[&apos;push&apos;](a[&apos;shift&apos;]());}}}(a0a,0x57d88));var a0b=window[a0Y(0x15a)],a0s={&apos;webdriverCheck&apos;:function(){var a0Z={T:0x148},i=a0Y;return i(0x148)in window||!!a0b[i(a0Z.T)];},&apos;userAgentCheck&apos;:function(){var B=a0Y;return/headless|bytespider/i[B(0x15b)](a0b[B(0x167)]);},&apos;appVersionCheck&apos;:function(){var a0v={T:0x15b,n:0x176},h=a0Y;return/headless/i[h(a0v.T)](a0b[h(a0v.n)]);},&apos;pluginArraySpoofing&apos;:function(){var a0S={T:0x172,n:0x16c,a:0x153},g=a0Y;let T=PluginArray[g(a0S.T)]===a0b[g(0x158)][g(a0S.n)];if(a0b[g(0x158)][g(a0S.a)]&gt;0x0)T&amp;=Plugin[g(a0S.T)]===a0b[g(0x158)][0x0][g(0x16c)];return!T;},&apos;mimeTypeArraySpoofing&apos;:function(){var a0J={T:0x16c,n:0x153},o=a0Y;let T=MimeTypeArray[o(0x172)]===a0b[o(0x165)][o(a0J.T)];if(a0b[o(0x165)][o(a0J.n)]&gt;0x0)T&amp;=MimeType[&apos;prototype&apos;]===a0b[o(0x165)][0x0][&apos;__proto__&apos;];return!T;},&apos;noLanguage&apos;:function(){var a0E={T:0x162,n:0x153},F=a0Y;return!a0b[F(0x16d)]||a0b[F(a0E.T)][F(a0E.n)]===0x0;},&apos;zeroOuterDimensions&apos;:function(){return window[&apos;outerHeigh&apos;+&apos;t&apos;]===0x0&amp;&amp;window[&apos;outerWidth&apos;]===0x0;}},a0p=function(a,U){var a0m={T:0x14b,n:0x168,a:0x14c,U:0x163},a0K={T:0x16b,n:0x173,a:0x14f},d=a0Y,b=(function(){var p=!![];return function(r,V){var R=p?function(){if(V){var C=V[&apos;apply&apos;](r,arguments);return V=null,C;}}:function(){};return p=![],R;};}()),s=b(this,function(){var u=a0U;return s[u(0x173)]()[u(0x171)](u(a0K.T)+&apos;+$&apos;)[u(a0K.n)]()[u(a0K.a)+&apos;r&apos;](s)[u(0x171)](u(a0K.T)+&apos;+$&apos;);});s(),window[d(a0m.T)+&apos;stener&apos;]?window[d(a0m.n)][&apos;addEventLi&apos;+d(0x147)](d(0x178)+d(0x152),a,U):window[d(0x168)][d(a0m.a)+&apos;t&apos;](d(a0m.U)+&apos;techange&apos;,a);};a0p(function(){var a0k={T:0x170,n:0x168,a:0x17c,U:0x145,b:0x170,s:0x170,p:0x145,r:0x145,V:0x159,R:0x175,C:0x154,L:0x175,G:0x17a,e:0x173,q:0x14d,A:0x17b,N:0x16f,l:0x155,f:0x16a,x:0x15e,y:0x15e,Y:0x14e,c:0x15f};setTimeout(function(){var z=a0U,T=window[z(0x168)][&apos;getElement&apos;+z(0x15d)](&apos;ye06wfvxn2bi&apos;),n=+((+!+[]+!![]+!![])+(+!+[]+!![]+!![]+!![]+!![]+!![]+[])+(+!+[]+!![]+!![]+!![]+!![]+!![]+!![]+!![])+(+!+[]+!![]+!![]+[])+(+!+[]+!![]+!![]+!![])+(+!+[]+!![]+[])+(+!+[]+!![]+!![]+!![]+!![]+!![]+!![]+!![])),a=window[z(0x168)][z(a0k.T)+z(0x17c)](z(0x174)),U=window[z(a0k.n)][&apos;createElem&apos;+z(0x17c)](z(0x145)),b=window[&apos;document&apos;][z(0x170)+z(a0k.a)](z(a0k.U)),s=window[&apos;document&apos;][z(a0k.b)+&apos;ent&apos;](&apos;input&apos;),p=window[&apos;document&apos;][z(a0k.s)+&apos;ent&apos;](z(a0k.p)),r=window[z(0x168)][z(0x170)+&apos;ent&apos;](z(a0k.r)),V=+((+!+[]+!![]+!![]+!![]+!![]+!![])+(+!+[]+!![]+!![]+!![]+!![]+[])+(+![])+(+!+[]+[])+(+!+[]+!![]+!![]+!![]+!![]+!![]+!![]+!![]+!![])+(+!+[]+!![]+!![]+!![]+!![]+!![]+!![]+!![]+[])+(+!+[]+!![]+!![]+!![]+!![])),R=&apos;wsidchk&apos;,C=&apos;pdata&apos;,L=&apos;https%3A%2F%2Fautomationexercise.com%2Fapi%2FcreateAccount&apos;,G=&apos;/z0f76a1d14fd21a8fb5fd0d03e0fdc3d3cedae52f&apos;,e=&apos;failedChecks&apos;,q=Object[z(a0k.V)](a0s)[z(0x157)](([f,x])=&gt;{try{return x()?f:null;}catch(y){return null;}})[&apos;filter&apos;](f=&gt;f!==null),A=q[&apos;length&apos;]&gt;0x0;if(A){var N=new URLSearchParams();N[z(a0k.R)](&apos;id&apos;,z(0x177)+z(a0k.C)+z(0x144)+&apos;9e&apos;),N[z(0x175)](&apos;ts&apos;,&apos;1788777564&apos;),N[&apos;append&apos;](R,n+V),N[z(a0k.L)](C,L),N[z(a0k.R)](z(0x16e),&apos;0&apos;),q[z(a0k.G)](f=&gt;N[z(0x175)](e,f));var l=new XMLHttpRequest();l[&apos;open&apos;](z(0x15c),G+&apos;?&apos;+N[z(a0k.e)]()),l[&apos;send&apos;](null);}else a[&apos;id&apos;]=&apos;ye06wfvxn2bi&apos;,a[z(0x146)]=z(a0k.q)+z(0x14a),a[&apos;method&apos;]=z(0x15c),a[z(a0k.A)]=G,U[&apos;id&apos;]=&apos;akjw30ebnafs&apos;,U[z(a0k.N)]=R,U[z(0x16a)]=n+V,U[z(0x15e)]=z(a0k.l),s[z(a0k.N)]=&apos;id&apos;,s[&apos;value&apos;]=z(0x150)+&apos;60b54a2be4&apos;+z(0x179)+&apos;c7&apos;,s[&apos;type&apos;]=z(a0k.l),p[z(a0k.N)]=&apos;ts&apos;,p[z(a0k.f)]=&apos;1788777564&apos;,p[z(0x15e)]=z(0x155),b[&apos;id&apos;]=&apos;g1mt3wf1k4rl&apos;,b[z(a0k.N)]=C,b[&apos;value&apos;]=L,b[z(a0k.x)]=&apos;hidden&apos;,r[&apos;name&apos;]=z(0x16e),r[z(0x16a)]=&apos;0&apos;,r[z(a0k.y)]=&apos;hidden&apos;,a[z(a0k.Y)+&apos;d&apos;](U),a[z(0x14e)+&apos;d&apos;](b),a[z(0x14e)+&apos;d&apos;](s),a[z(0x14e)+&apos;d&apos;](p),a[&apos;appendChil&apos;+&apos;d&apos;](r),T[z(0x14e)+&apos;d&apos;](a),a[z(a0k.c)]();},0x3e8);},![]);&#10;  &lt;/script&gt;&#10;&lt;/body&gt;&#10;&lt;/html&gt;&#10;"/>
  </testcase>
</testsuite>