<?xml version="1.0" encoding="UTF-8"?>
<!-- Generated by org.testng.reporters.JUnitReportReporter -->
<testsuite hostname="elihle" failures="0" tests="8" name="api.tests.AutomationExerciseAPITests" time="32.125" errors="0" timestamp="2026-09-14T10:42:54 SAST" skipped="0">
  <testcase classname="api.tests.AutomationExerciseAPITests" name="verifyLoginWithValidLoginDetails" time="4.340"/>
  <testcase classname="api.tests.AutomationExerciseAPITests" name="verifyLoginWithoutEmailParameter" time="8.860"/>
  <testcase classname="api.tests.AutomationExerciseAPITests" name="verifySearchProductItem" time="3.275"/>
  <testcase classname="api.tests.AutomationExerciseAPITests" name="verifyReturnUserDetailsByEmail" time="6.233"/>
  <testcase classname="api.tests.AutomationExerciseAPITests" name="verifyUserAccountUpdate" time="4.078"/>
  <testcase classname="api.tests.AutomationExerciseAPITests" name="verifyDeleteUserAccount" time="2.491"/>
  <testcase classname="api.tests.AutomationExerciseAPITests" name="verifyLoginWithInvalidDetails" time="1.150"/>
  <testcase classname="api.tests.AutomationExerciseAPITests" name="verifyDeleteLogin" time="1.698"/>
</testsuite> <!-- api.tests.AutomationExerciseAPITests -->
