<?xml version="1.0" encoding="UTF-8"?>
<!-- Generated by org.testng.reporters.JUnitReportReporter -->
<testsuite hostname="elihle" failures="0" tests="4" name="ui.LoginTest" time="594.920" errors="0" timestamp="2026-07-20T13:45:07 SAST" skipped="0">
  <testcase classname="ui.LoginTest" name="verifyUserCanLoginSuccessfully" time="107.661"/>
  <testcase classname="ui.LoginTest" name="verifyLoginWithInvalidEmailFormat" time="85.720"/>
  <testcase classname="ui.LoginTest" name="verifyLoginWithInvalidPassword" time="261.786"/>
  <testcase classname="ui.LoginTest" name="verifyLogout" time="139.753"/>
</testsuite> <!-- ui.LoginTest -->
