<?xml version="1.0" encoding="UTF-8"?>
<!-- Generated by org.testng.reporters.JUnitReportReporter -->
<testsuite hostname="elihle" failures="0" tests="8" name="api.AutomationExerciseAPITests" time="97.119" errors="0" timestamp="2026-07-27T13:47:12 SAST" skipped="0">
  <testcase classname="api.AutomationExerciseAPITests" name="verifyLoginWithValidLoginDetails" time="12.066"/>
  <testcase classname="api.AutomationExerciseAPITests" name="verifyLoginWithoutEmailParameter" time="4.969"/>
  <testcase classname="api.AutomationExerciseAPITests" name="verifySearchProductItem" time="7.468"/>
  <testcase classname="api.AutomationExerciseAPITests" name="verifyReturnUserDetailsByEmail" time="32.689"/>
  <testcase classname="api.AutomationExerciseAPITests" name="verifyUserAccountUpdate" time="9.277"/>
  <testcase classname="api.AutomationExerciseAPITests" name="verifyDeleteUserAccount" time="15.079"/>
  <testcase classname="api.AutomationExerciseAPITests" name="verifyLoginWithInvalidDetails" time="5.152"/>
  <testcase classname="api.AutomationExerciseAPITests" name="verifyDeleteLogin" time="10.419"/>
</testsuite> <!-- api.AutomationExerciseAPITests -->
