<?xml version="1.0" encoding="UTF-8"?>
<!-- Generated by org.testng.reporters.JUnitReportReporter -->
<testsuite hostname="elihle" failures="0" tests="3" name="ui.LoginTest" time="252.597" errors="0" timestamp="2026-07-02T15:30:14 SAST" skipped="0">
  <testcase classname="ui.LoginTest" name="verifyUserCanLoginSuccessfully" time="88.495"/>
  <testcase classname="ui.LoginTest" name="verifyLoginWithInvalidEmailFormat" time="68.702"/>
  <testcase classname="ui.LoginTest" name="verifyLoginWithInvalidPassword" time="95.400"/>
</testsuite> <!-- ui.LoginTest -->
