<?xml version="1.0" encoding="UTF-8"?>
<!-- Generated by org.testng.reporters.JUnitReportReporter -->
<testsuite hostname="elihle" failures="0" tests="9" name="api.AutomationExerciseAPITests" time="51.096" errors="0" timestamp="2026-07-20T10:09:18 SAST" skipped="0">
  <testcase classname="api.AutomationExerciseAPITests" name="verifyRegisterUserAccount" time="38.189"/>
  <testcase classname="api.AutomationExerciseAPITests" name="verifyLoginWithValidLoginDetails" time="2.724"/>
  <testcase classname="api.AutomationExerciseAPITests" name="verifyLoginWithoutEmailParamedter" time="1.096"/>
  <testcase classname="api.AutomationExerciseAPITests" name="verifySearchProductItem" time="1.095"/>
  <testcase classname="api.AutomationExerciseAPITests" name="verifyReturnUserDetailsByEmail" time="2.987"/>
  <testcase classname="api.AutomationExerciseAPITests" name="verifyUserAccountUpdate" time="1.274"/>
  <testcase classname="api.AutomationExerciseAPITests" name="verifyDeleteUserAccount" time="0.989"/>
  <testcase classname="api.AutomationExerciseAPITests" name="verifyLoginWithInvalidDetails" time="1.783"/>
  <testcase classname="api.AutomationExerciseAPITests" name="verifyDeleteLogin" time="0.959"/>
</testsuite> <!-- api.AutomationExerciseAPITests -->
