<?xml version="1.0" encoding="UTF-8"?>
<!-- Generated by org.testng.reporters.JUnitReportReporter -->
<testsuite hostname="elihle" failures="0" tests="1" name="ui.tests.CartTest" time="820.913" errors="1" timestamp="2026-08-07T14:47:23 SAST" skipped="0">
  <testcase classname="ui.tests.CartTest" name="verifyAddSingleProductToCart" time="820.913">
    <error message="element click intercepted: Element &lt;a data-product-id=&quot;1&quot; class=&quot;btn btn-default add-to-cart&quot;&gt;...&lt;/a&gt; is not clickable at point (622, 333). Other element would receive the click: &lt;a data-product-id=&quot;1&quot; class=&quot;btn btn-default add-to-cart&quot;&gt;...&lt;/a&gt;
  (Session info: MicrosoftEdge=150.0.4078.105)
Build info: version: &#039;4.43.0&#039;, revision: &#039;dd0f534&#039;
System info: os.name: &#039;Windows 11&#039;, os.arch: &#039;amd64&#039;, os.version: &#039;10.0&#039;, java.version: &#039;17.0.12&#039;
Driver info: org.openqa.selenium.edge.EdgeDriver
Command: [e1a34981c45b314303195ff391dc90b4, clickElement {id=f.28AF832E248FC726589D3F7D9392C3E0.d.FF02119540F3FBDC1E50CA71578B7B3F.e.144}]
Capabilities {acceptInsecureCerts: false, browserName: MicrosoftEdge, browserVersion: 150.0.4078.105, fedcm:accounts: true, goog:processID: 10652, ms:edgeOptions: {debuggerAddress: localhost:58046}, msedge: {msedgedriverVersion: 150.0.4078.96 (6af14c9da851..., userDataDir: C:\Users\USER\AppData\Local...}, networkConnectionEnabled: false, pageLoadStrategy: eager, platformName: windows, proxy: Proxy(), se:cdp: ws://localhost:58046/devtoo..., se:cdpVersion: 150.0.4078.105, setWindowRect: true, strictFileInteractability: false, timeouts: {implicit: 0, pageLoad: 300000, script: 30000}, unhandledPromptBehavior: dismiss and notify, webauthn:extension:credBlob: true, webauthn:extension:largeBlob: true, webauthn:extension:minPinLength: true, webauthn:extension:prf: true, webauthn:virtualAuthenticators: true}
Element: [[EdgeDriver: MicrosoftEdge on windows (e1a34981c45b314303195ff391dc90b4)] -&gt; css selector: a[data-product-id=&#039;1&#039;]]
Session ID: e1a34981c45b314303195ff391dc90b4" type="org.openqa.selenium.ElementClickInterceptedException">
      <![CDATA[org.openqa.selenium.ElementClickInterceptedException: element click intercepted: Element <a data-product-id="1" class="btn btn-default add-to-cart">...</a> is not clickable at point (622, 333). Other element would receive the click: <a data-product-id="1" class="btn btn-default add-to-cart">...</a>
  (Session info: MicrosoftEdge=150.0.4078.105)
Build info: version: '4.43.0', revision: 'dd0f534'
System info: os.name: 'Windows 11', os.arch: 'amd64', os.version: '10.0', java.version: '17.0.12'
Driver info: org.openqa.selenium.edge.EdgeDriver
Command: [e1a34981c45b314303195ff391dc90b4, clickElement {id=f.28AF832E248FC726589D3F7D9392C3E0.d.FF02119540F3FBDC1E50CA71578B7B3F.e.144}]
Capabilities {acceptInsecureCerts: false, browserName: MicrosoftEdge, browserVersion: 150.0.4078.105, fedcm:accounts: true, goog:processID: 10652, ms:edgeOptions: {debuggerAddress: localhost:58046}, msedge: {msedgedriverVersion: 150.0.4078.96 (6af14c9da851..., userDataDir: C:\Users\USER\AppData\Local...}, networkConnectionEnabled: false, pageLoadStrategy: eager, platformName: windows, proxy: Proxy(), se:cdp: ws://localhost:58046/devtoo..., se:cdpVersion: 150.0.4078.105, setWindowRect: true, strictFileInteractability: false, timeouts: {implicit: 0, pageLoad: 300000, script: 30000}, unhandledPromptBehavior: dismiss and notify, webauthn:extension:credBlob: true, webauthn:extension:largeBlob: true, webauthn:extension:minPinLength: true, webauthn:extension:prf: true, webauthn:virtualAuthenticators: true}
Element: [[EdgeDriver: MicrosoftEdge on windows (e1a34981c45b314303195ff391dc90b4)] -> css selector: a[data-product-id='1']]
Session ID: e1a34981c45b314303195ff391dc90b4
at org.openqa.selenium.remote.ErrorCodec.decode(ErrorCodec.java:169)
at org.openqa.selenium.remote.codec.w3c.W3CHttpResponseCodec.decode(W3CHttpResponseCodec.java:142)
at org.openqa.selenium.remote.codec.w3c.W3CHttpResponseCodec.decode(W3CHttpResponseCodec.java:49)
at org.openqa.selenium.remote.HttpCommandExecutor.execute(HttpCommandExecutor.java:223)
at org.openqa.selenium.remote.service.DriverCommandExecutor.invokeExecute(DriverCommandExecutor.java:216)
at org.openqa.selenium.remote.service.DriverCommandExecutor.execute(DriverCommandExecutor.java:174)
at org.openqa.selenium.remote.RemoteWebDriver.execute(RemoteWebDriver.java:606)
at org.openqa.selenium.remote.RemoteWebElement.execute(RemoteWebElement.java:223)
at org.openqa.selenium.remote.RemoteWebElement.click(RemoteWebElement.java:76)
at utility.ActionHelper.click(ActionHelper.java:30)
at pages.ProductsPage.addFirstProductToCart(ProductsPage.java:90)
at ui.tests.CartTest.verifyAddSingleProductToCart(CartTest.java:45)
at java.base/jdk.internal.reflect.NativeMethodAccessorImpl.invoke0(Native Method)
at java.base/jdk.internal.reflect.NativeMethodAccessorImpl.invoke(NativeMethodAccessorImpl.java:77)
at java.base/jdk.internal.reflect.DelegatingMethodAccessorImpl.invoke(DelegatingMethodAccessorImpl.java:43)
at java.base/java.lang.reflect.Method.invoke(Method.java:568)
at org.testng.internal.invokers.MethodInvocationHelper.invokeMethod(MethodInvocationHelper.java:141)
at org.testng.internal.invokers.TestInvoker.invokeMethod(TestInvoker.java:687)
at org.testng.internal.invokers.TestInvoker.invokeTestMethod(TestInvoker.java:230)
at org.testng.internal.invokers.MethodRunner.runInSequence(MethodRunner.java:63)
at org.testng.internal.invokers.TestInvoker$MethodInvocationAgent.invoke(TestInvoker.java:995)
at org.testng.internal.invokers.TestInvoker.invokeTestMethods(TestInvoker.java:203)
at org.testng.internal.invokers.TestMethodWorker.invokeTestMethods(TestMethodWorker.java:154)
at org.testng.internal.invokers.TestMethodWorker.run(TestMethodWorker.java:134)
at java.base/java.util.ArrayList.forEach(ArrayList.java:1511)
at org.testng.TestRunner.privateRun(TestRunner.java:741)
at org.testng.TestRunner.run(TestRunner.java:616)
at org.testng.SuiteRunner.runTest(SuiteRunner.java:421)
at org.testng.SuiteRunner.runSequentially(SuiteRunner.java:413)
at org.testng.SuiteRunner.privateRun(SuiteRunner.java:373)
at org.testng.SuiteRunner.run(SuiteRunner.java:312)
at org.testng.SuiteRunnerWorker.runSuite(SuiteRunnerWorker.java:52)
at org.testng.SuiteRunnerWorker.run(SuiteRunnerWorker.java:95)
at org.testng.TestNG.runSuitesSequentially(TestNG.java:1274)
at org.testng.TestNG.runSuitesLocally(TestNG.java:1208)
at org.testng.TestNG.runSuites(TestNG.java:1112)
at org.testng.TestNG.run(TestNG.java:1079)
at org.testng.remote.AbstractRemoteTestNG.run(AbstractRemoteTestNG.java:115)
at org.testng.remote.RemoteTestNG.initAndRun(RemoteTestNG.java:293)
at org.testng.remote.RemoteTestNG.main(RemoteTestNG.java:91)
]]>
    </error>
  </testcase> <!-- verifyAddSingleProductToCart -->
</testsuite> <!-- ui.tests.CartTest -->
