<?xml version="1.0" encoding="UTF-8"?>
<!-- Generated by org.testng.reporters.JUnitReportReporter -->
<testsuite hostname="elihle" failures="0" tests="8" name="api.tests.AutomationExerciseAPITests" time="23.706" errors="0" timestamp="2026-09-16T14:38:54 SAST" skipped="0">
  <testcase classname="api.tests.AutomationExerciseAPITests" name="verifyLoginWithValidLoginDetails" time="1.798"/>
  <testcase classname="api.tests.AutomationExerciseAPITests" name="verifyLoginWithoutEmailParameter" time="2.417"/>
  <testcase classname="api.tests.AutomationExerciseAPITests" name="verifySearchProductItem" time="1.647"/>
  <testcase classname="api.tests.AutomationExerciseAPITests" name="verifyReturnUserDetailsByEmail" time="6.442"/>
  <testcase classname="api.tests.AutomationExerciseAPITests" name="verifyUserAccountUpdate" time="1.324"/>
  <testcase classname="api.tests.AutomationExerciseAPITests" name="verifyDeleteUserAccount" time="4.887"/>
  <testcase classname="api.tests.AutomationExerciseAPITests" name="verifyLoginWithInvalidDetails" time="3.163"/>
  <testcase classname="api.tests.AutomationExerciseAPITests" name="verifyDeleteLogin" time="2.028"/>
</testsuite> <!-- api.tests.AutomationExerciseAPITests -->
