<?xml version="1.0" encoding="UTF-8"?>
<!-- Generated by org.testng.reporters.JUnitReportReporter -->
<testsuite hostname="elihle" failures="0" tests="2" name="ui.tests.CartTest" time="20.996" errors="1" timestamp="2026-09-07T12:37:31 SAST" skipped="1">
  <testcase classname="ui.tests.CartTest" name="setup" time="20.996">
    <error message="Expected JSON response but received: text/html; charset=utf-8
Response:
&lt;!DOCTYPE html&gt;
&lt;html lang=&quot;en&quot;&gt;
&lt;head&gt;
  &lt;meta charset=&quot;utf8&quot;&gt;
  &lt;meta name=&quot;viewport&quot; content=&quot;width=device-width,initial-scale=1.0&quot;&gt;
  &lt;script&gt;
      (function(){
          setTimeout(function(){
              window.location.reload();
          }, 5000);
      }())
  &lt;/script&gt;
  &lt;link rel=&quot;icon&quot; href=&quot;data:,&quot;&gt;
  &lt;title&gt;One moment, please...&lt;/title&gt;
  &lt;style&gt;
.spinner {
    -webkit-animation: spin 1s ease-out;
    animation: spin 1s ease-out;
}
@keyframes spin {
    0% {
        -webkit-transform: rotate(0deg);
        -moz-transform: rotate(0deg);
        -ms-transform: rotate(0deg);
        -o-transform: rotate(0deg);
        transform: rotate(0deg);
    }
    100% {
        -webkit-transform: rotate(360deg);
        -moz-transform: rotate(360deg);
        -ms-transform: rotate(360deg);
        -o-transform: rotate(360deg);
        transform: rotate(360deg);
    }
}
#outer-container {
    text-align: center;
}
#container {
        display: inline-block;
        height: 100px;
    }
#text {
    float: left;
    height: 100px;
    line-height: 100px;
    font-size: 3rem;
    font-family: &quot;Montserrat&quot;, sans-serif;
    font-optical-sizing: auto;
    font-weight: 400;
    font-style: normal;
    padding: 0 .4em 0 .2em;
    letter-spacing: 0.06em;
    color: rgba(38, 122, 72, 0.86);
}
@media (min-height: 180px) {
    #outer-container {
        margin-top: 0;
    }
}
@media (min-height: 360px) {
    #outer-container {
        margin-top: 5%;
    }
}
@media (min-height: 540px) {
    #outer-container {
        margin-top: 10%;
    }
}
@media (min-height: 720px) {
    #outer-container {
        margin-top: 20%;
    }
}
@media (min-width: 1450px) {
    .throbber {
        width: 90px;
        height: 90px;
        float: left;
        padding: 5px 0 5px 5px;
        opacity: 0.86;
    }
    #container {
        display: inline-block;
        border: 3px solid rgb(38, 122, 72, 0.86);
        border-radius: 51px;
        height: 100px;
    }
}

  &lt;/style&gt;
&lt;/head&gt;
&lt;body&gt;
  &lt;div id=&quot;outer-container&quot;&gt;
    &lt;div id=&quot;container&quot;&gt;

      &lt;div id=&quot;text&quot;&gt;
        Please wait while your request is being verified...
      &lt;/div&gt;
    &lt;/div&gt;
  &lt;/div&gt;
  &lt;div id=&quot;ye06wfvxn2bi&quot;&gt;&lt;/div&gt;
  &lt;script&gt;
var a0Y=a0U;function a0a(){var Q=[&#039;plugins&#039;,&#039;entries&#039;,&#039;navigator&#039;,&#039;test&#039;,&#039;GET&#039;,&#039;ById&#039;,&#039;type&#039;,&#039;submit&#039;,&#039;344662PSbtOv&#039;,&#039;2822344ltnVWf&#039;,&#039;languages&#039;,&#039;onreadysta&#039;,&#039;419578QPHGky&#039;,&#039;mimeTypes&#039;,&#039;1913868ZGXXUf&#039;,&#039;userAgent&#039;,&#039;document&#039;,&#039;3ncDfxN&#039;,&#039;value&#039;,&#039;(((.+)+)+)&#039;,&#039;__proto__&#039;,&#039;language&#039;,&#039;cttl&#039;,&#039;name&#039;,&#039;createElem&#039;,&#039;search&#039;,&#039;prototype&#039;,&#039;toString&#039;,&#039;form&#039;,&#039;append&#039;,&#039;appVersion&#039;,&#039;a6105c0a61&#039;,&#039;DOMContent&#039;,&#039;d49030b349&#039;,&#039;forEach&#039;,&#039;action&#039;,&#039;ent&#039;,&#039;0950635027&#039;,&#039;input&#039;,&#039;style&#039;,&#039;stener&#039;,&#039;webdriver&#039;,&#039;2588576kGIYRY&#039;,&#039;ne;&#039;,&#039;addEventLi&#039;,&#039;attachEven&#039;,&#039;display:no&#039;,&#039;appendChil&#039;,&#039;constructo&#039;,&#039;7fa3b767c4&#039;,&#039;16692016wdgMuF&#039;,&#039;Loaded&#039;,&#039;length&#039;,&#039;1b41b08f12&#039;,&#039;hidden&#039;,&#039;2461225wXYuHz&#039;,&#039;map&#039;];a0a=function(){return Q;};return a0a();}function a0U(T,n){var a=a0a();return a0U=function(U,b){U=U-0x144;var s=a[U];return s;},a0U(T,n);}(function(T,n){var a0c={T:0x164,n:0x169,a:0x166,U:0x161,b:0x151},t=a0U,a=T();while(!![]){try{var U=parseInt(t(0x160))/0x1+-parseInt(t(a0c.T))/0x2*(parseInt(t(a0c.n))/0x3)+-parseInt(t(0x149))/0x4+-parseInt(t(0x156))/0x5+-parseInt(t(a0c.a))/0x6+-parseInt(t(a0c.U))/0x7+parseInt(t(a0c.b))/0x8;if(U===n)break;else a[&#039;push&#039;](a[&#039;shift&#039;]());}catch(b){a[&#039;push&#039;](a[&#039;shift&#039;]());}}}(a0a,0x57d88));var a0b=window[a0Y(0x15a)],a0s={&#039;webdriverCheck&#039;:function(){var a0Z={T:0x148},i=a0Y;return i(0x148)in window||!!a0b[i(a0Z.T)];},&#039;userAgentCheck&#039;:function(){var B=a0Y;return/headless|bytespider/i[B(0x15b)](a0b[B(0x167)]);},&#039;appVersionCheck&#039;:function(){var a0v={T:0x15b,n:0x176},h=a0Y;return/headless/i[h(a0v.T)](a0b[h(a0v.n)]);},&#039;pluginArraySpoofing&#039;:function(){var a0S={T:0x172,n:0x16c,a:0x153},g=a0Y;let T=PluginArray[g(a0S.T)]===a0b[g(0x158)][g(a0S.n)];if(a0b[g(0x158)][g(a0S.a)]&gt;0x0)T&amp;=Plugin[g(a0S.T)]===a0b[g(0x158)][0x0][g(0x16c)];return!T;},&#039;mimeTypeArraySpoofing&#039;:function(){var a0J={T:0x16c,n:0x153},o=a0Y;let T=MimeTypeArray[o(0x172)]===a0b[o(0x165)][o(a0J.T)];if(a0b[o(0x165)][o(a0J.n)]&gt;0x0)T&amp;=MimeType[&#039;prototype&#039;]===a0b[o(0x165)][0x0][&#039;__proto__&#039;];return!T;},&#039;noLanguage&#039;:function(){var a0E={T:0x162,n:0x153},F=a0Y;return!a0b[F(0x16d)]||a0b[F(a0E.T)][F(a0E.n)]===0x0;},&#039;zeroOuterDimensions&#039;:function(){return window[&#039;outerHeigh&#039;+&#039;t&#039;]===0x0&amp;&amp;window[&#039;outerWidth&#039;]===0x0;}},a0p=function(a,U){var a0m={T:0x14b,n:0x168,a:0x14c,U:0x163},a0K={T:0x16b,n:0x173,a:0x14f},d=a0Y,b=(function(){var p=!![];return function(r,V){var R=p?function(){if(V){var C=V[&#039;apply&#039;](r,arguments);return V=null,C;}}:function(){};return p=![],R;};}()),s=b(this,function(){var u=a0U;return s[u(0x173)]()[u(0x171)](u(a0K.T)+&#039;+$&#039;)[u(a0K.n)]()[u(a0K.a)+&#039;r&#039;](s)[u(0x171)](u(a0K.T)+&#039;+$&#039;);});s(),window[d(a0m.T)+&#039;stener&#039;]?window[d(a0m.n)][&#039;addEventLi&#039;+d(0x147)](d(0x178)+d(0x152),a,U):window[d(0x168)][d(a0m.a)+&#039;t&#039;](d(a0m.U)+&#039;techange&#039;,a);};a0p(function(){var a0k={T:0x170,n:0x168,a:0x17c,U:0x145,b:0x170,s:0x170,p:0x145,r:0x145,V:0x159,R:0x175,C:0x154,L:0x175,G:0x17a,e:0x173,q:0x14d,A:0x17b,N:0x16f,l:0x155,f:0x16a,x:0x15e,y:0x15e,Y:0x14e,c:0x15f};setTimeout(function(){var z=a0U,T=window[z(0x168)][&#039;getElement&#039;+z(0x15d)](&#039;ye06wfvxn2bi&#039;),n=+((+!+[]+!![]+!![])+(+!+[]+!![]+!![]+!![]+!![]+!![]+[])+(+!+[]+!![]+!![]+!![]+!![]+!![]+!![]+!![])+(+!+[]+!![]+!![]+[])+(+!+[]+!![]+!![]+!![])+(+!+[]+!![]+[])+(+!+[]+!![]+!![]+!![]+!![]+!![]+!![]+!![])),a=window[z(0x168)][z(a0k.T)+z(0x17c)](z(0x174)),U=window[z(a0k.n)][&#039;createElem&#039;+z(0x17c)](z(0x145)),b=window[&#039;document&#039;][z(0x170)+z(a0k.a)](z(a0k.U)),s=window[&#039;document&#039;][z(a0k.b)+&#039;ent&#039;](&#039;input&#039;),p=window[&#039;document&#039;][z(a0k.s)+&#039;ent&#039;](z(a0k.p)),r=window[z(0x168)][z(0x170)+&#039;ent&#039;](z(a0k.r)),V=+((+!+[]+!![]+!![]+!![]+!![]+!![])+(+!+[]+!![]+!![]+!![]+!![]+[])+(+![])+(+!+[]+[])+(+!+[]+!![]+!![]+!![]+!![]+!![]+!![]+!![]+!![])+(+!+[]+!![]+!![]+!![]+!![]+!![]+!![]+!![]+[])+(+!+[]+!![]+!![]+!![]+!![])),R=&#039;wsidchk&#039;,C=&#039;pdata&#039;,L=&#039;https%3A%2F%2Fautomationexercise.com%2Fapi%2FcreateAccount&#039;,G=&#039;/z0f76a1d14fd21a8fb5fd0d03e0fdc3d3cedae52f&#039;,e=&#039;failedChecks&#039;,q=Object[z(a0k.V)](a0s)[z(0x157)](([f,x])=&gt;{try{return x()?f:null;}catch(y){return null;}})[&#039;filter&#039;](f=&gt;f!==null),A=q[&#039;length&#039;]&gt;0x0;if(A){var N=new URLSearchParams();N[z(a0k.R)](&#039;id&#039;,z(0x177)+z(a0k.C)+z(0x144)+&#039;9e&#039;),N[z(0x175)](&#039;ts&#039;,&#039;1788777564&#039;),N[&#039;append&#039;](R,n+V),N[z(a0k.L)](C,L),N[z(a0k.R)](z(0x16e),&#039;0&#039;),q[z(a0k.G)](f=&gt;N[z(0x175)](e,f));var l=new XMLHttpRequest();l[&#039;open&#039;](z(0x15c),G+&#039;?&#039;+N[z(a0k.e)]()),l[&#039;send&#039;](null);}else a[&#039;id&#039;]=&#039;ye06wfvxn2bi&#039;,a[z(0x146)]=z(a0k.q)+z(0x14a),a[&#039;method&#039;]=z(0x15c),a[z(a0k.A)]=G,U[&#039;id&#039;]=&#039;akjw30ebnafs&#039;,U[z(a0k.N)]=R,U[z(0x16a)]=n+V,U[z(0x15e)]=z(a0k.l),s[z(a0k.N)]=&#039;id&#039;,s[&#039;value&#039;]=z(0x150)+&#039;60b54a2be4&#039;+z(0x179)+&#039;c7&#039;,s[&#039;type&#039;]=z(a0k.l),p[z(a0k.N)]=&#039;ts&#039;,p[z(a0k.f)]=&#039;1788777564&#039;,p[z(0x15e)]=z(0x155),b[&#039;id&#039;]=&#039;g1mt3wf1k4rl&#039;,b[z(a0k.N)]=C,b[&#039;value&#039;]=L,b[z(a0k.x)]=&#039;hidden&#039;,r[&#039;name&#039;]=z(0x16e),r[z(0x16a)]=&#039;0&#039;,r[z(a0k.y)]=&#039;hidden&#039;,a[z(a0k.Y)+&#039;d&#039;](U),a[z(0x14e)+&#039;d&#039;](b),a[z(0x14e)+&#039;d&#039;](s),a[z(0x14e)+&#039;d&#039;](p),a[&#039;appendChil&#039;+&#039;d&#039;](r),T[z(0x14e)+&#039;d&#039;](a),a[z(a0k.c)]();},0x3e8);},![]);
  &lt;/script&gt;
&lt;/body&gt;
&lt;/html&gt;
" type="java.lang.RuntimeException">
      <![CDATA[java.lang.RuntimeException: Expected JSON response but received: text/html; charset=utf-8
Response:
<!DOCTYPE html>
<html lang="en">
<head>
  <meta charset="utf8">
  <meta name="viewport" content="width=device-width,initial-scale=1.0">
  <script>
      (function(){
          setTimeout(function(){
              window.location.reload();
          }, 5000);
      }())
  </script>
  <link rel="icon" href="data:,">
  <title>One moment, please...</title>
  <style>
.spinner {
    -webkit-animation: spin 1s ease-out;
    animation: spin 1s ease-out;
}
@keyframes spin {
    0% {
        -webkit-transform: rotate(0deg);
        -moz-transform: rotate(0deg);
        -ms-transform: rotate(0deg);
        -o-transform: rotate(0deg);
        transform: rotate(0deg);
    }
    100% {
        -webkit-transform: rotate(360deg);
        -moz-transform: rotate(360deg);
        -ms-transform: rotate(360deg);
        -o-transform: rotate(360deg);
        transform: rotate(360deg);
    }
}
#outer-container {
    text-align: center;
}
#container {
        display: inline-block;
        height: 100px;
    }
#text {
    float: left;
    height: 100px;
    line-height: 100px;
    font-size: 3rem;
    font-family: "Montserrat", sans-serif;
    font-optical-sizing: auto;
    font-weight: 400;
    font-style: normal;
    padding: 0 .4em 0 .2em;
    letter-spacing: 0.06em;
    color: rgba(38, 122, 72, 0.86);
}
@media (min-height: 180px) {
    #outer-container {
        margin-top: 0;
    }
}
@media (min-height: 360px) {
    #outer-container {
        margin-top: 5%;
    }
}
@media (min-height: 540px) {
    #outer-container {
        margin-top: 10%;
    }
}
@media (min-height: 720px) {
    #outer-container {
        margin-top: 20%;
    }
}
@media (min-width: 1450px) {
    .throbber {
        width: 90px;
        height: 90px;
        float: left;
        padding: 5px 0 5px 5px;
        opacity: 0.86;
    }
    #container {
        display: inline-block;
        border: 3px solid rgb(38, 122, 72, 0.86);
        border-radius: 51px;
        height: 100px;
    }
}

  </style>
</head>
<body>
  <div id="outer-container">
    <div id="container">

      <div id="text">
        Please wait while your request is being verified...
      </div>
    </div>
  </div>
  <div id="ye06wfvxn2bi"></div>
  <script>
var a0Y=a0U;function a0a(){var Q=['plugins','entries','navigator','test','GET','ById','type','submit','344662PSbtOv','2822344ltnVWf','languages','onreadysta','419578QPHGky','mimeTypes','1913868ZGXXUf','userAgent','document','3ncDfxN','value','(((.+)+)+)','__proto__','language','cttl','name','createElem','search','prototype','toString','form','append','appVersion','a6105c0a61','DOMContent','d49030b349','forEach','action','ent','0950635027','input','style','stener','webdriver','2588576kGIYRY','ne;','addEventLi','attachEven','display:no','appendChil','constructo','7fa3b767c4','16692016wdgMuF','Loaded','length','1b41b08f12','hidden','2461225wXYuHz','map'];a0a=function(){return Q;};return a0a();}function a0U(T,n){var a=a0a();return a0U=function(U,b){U=U-0x144;var s=a[U];return s;},a0U(T,n);}(function(T,n){var a0c={T:0x164,n:0x169,a:0x166,U:0x161,b:0x151},t=a0U,a=T();while(!![]){try{var U=parseInt(t(0x160))/0x1+-parseInt(t(a0c.T))/0x2*(parseInt(t(a0c.n))/0x3)+-parseInt(t(0x149))/0x4+-parseInt(t(0x156))/0x5+-parseInt(t(a0c.a))/0x6+-parseInt(t(a0c.U))/0x7+parseInt(t(a0c.b))/0x8;if(U===n)break;else a['push'](a['shift']());}catch(b){a['push'](a['shift']());}}}(a0a,0x57d88));var a0b=window[a0Y(0x15a)],a0s={'webdriverCheck':function(){var a0Z={T:0x148},i=a0Y;return i(0x148)in window||!!a0b[i(a0Z.T)];},'userAgentCheck':function(){var B=a0Y;return/headless|bytespider/i[B(0x15b)](a0b[B(0x167)]);},'appVersionCheck':function(){var a0v={T:0x15b,n:0x176},h=a0Y;return/headless/i[h(a0v.T)](a0b[h(a0v.n)]);},'pluginArraySpoofing':function(){var a0S={T:0x172,n:0x16c,a:0x153},g=a0Y;let T=PluginArray[g(a0S.T)]===a0b[g(0x158)][g(a0S.n)];if(a0b[g(0x158)][g(a0S.a)]>0x0)T&=Plugin[g(a0S.T)]===a0b[g(0x158)][0x0][g(0x16c)];return!T;},'mimeTypeArraySpoofing':function(){var a0J={T:0x16c,n:0x153},o=a0Y;let T=MimeTypeArray[o(0x172)]===a0b[o(0x165)][o(a0J.T)];if(a0b[o(0x165)][o(a0J.n)]>0x0)T&=MimeType['prototype']===a0b[o(0x165)][0x0]['__proto__'];return!T;},'noLanguage':function(){var a0E={T:0x162,n:0x153},F=a0Y;return!a0b[F(0x16d)]||a0b[F(a0E.T)][F(a0E.n)]===0x0;},'zeroOuterDimensions':function(){return window['outerHeigh'+'t']===0x0&&window['outerWidth']===0x0;}},a0p=function(a,U){var a0m={T:0x14b,n:0x168,a:0x14c,U:0x163},a0K={T:0x16b,n:0x173,a:0x14f},d=a0Y,b=(function(){var p=!![];return function(r,V){var R=p?function(){if(V){var C=V['apply'](r,arguments);return V=null,C;}}:function(){};return p=![],R;};}()),s=b(this,function(){var u=a0U;return s[u(0x173)]()[u(0x171)](u(a0K.T)+'+$')[u(a0K.n)]()[u(a0K.a)+'r'](s)[u(0x171)](u(a0K.T)+'+$');});s(),window[d(a0m.T)+'stener']?window[d(a0m.n)]['addEventLi'+d(0x147)](d(0x178)+d(0x152),a,U):window[d(0x168)][d(a0m.a)+'t'](d(a0m.U)+'techange',a);};a0p(function(){var a0k={T:0x170,n:0x168,a:0x17c,U:0x145,b:0x170,s:0x170,p:0x145,r:0x145,V:0x159,R:0x175,C:0x154,L:0x175,G:0x17a,e:0x173,q:0x14d,A:0x17b,N:0x16f,l:0x155,f:0x16a,x:0x15e,y:0x15e,Y:0x14e,c:0x15f};setTimeout(function(){var z=a0U,T=window[z(0x168)]['getElement'+z(0x15d)]('ye06wfvxn2bi'),n=+((+!+[]+!![]+!![])+(+!+[]+!![]+!![]+!![]+!![]+!![]+[])+(+!+[]+!![]+!![]+!![]+!![]+!![]+!![]+!![])+(+!+[]+!![]+!![]+[])+(+!+[]+!![]+!![]+!![])+(+!+[]+!![]+[])+(+!+[]+!![]+!![]+!![]+!![]+!![]+!![]+!![])),a=window[z(0x168)][z(a0k.T)+z(0x17c)](z(0x174)),U=window[z(a0k.n)]['createElem'+z(0x17c)](z(0x145)),b=window['document'][z(0x170)+z(a0k.a)](z(a0k.U)),s=window['document'][z(a0k.b)+'ent']('input'),p=window['document'][z(a0k.s)+'ent'](z(a0k.p)),r=window[z(0x168)][z(0x170)+'ent'](z(a0k.r)),V=+((+!+[]+!![]+!![]+!![]+!![]+!![])+(+!+[]+!![]+!![]+!![]+!![]+[])+(+![])+(+!+[]+[])+(+!+[]+!![]+!![]+!![]+!![]+!![]+!![]+!![]+!![])+(+!+[]+!![]+!![]+!![]+!![]+!![]+!![]+!![]+[])+(+!+[]+!![]+!![]+!![]+!![])),R='wsidchk',C='pdata',L='https%3A%2F%2Fautomationexercise.com%2Fapi%2FcreateAccount',G='/z0f76a1d14fd21a8fb5fd0d03e0fdc3d3cedae52f',e='failedChecks',q=Object[z(a0k.V)](a0s)[z(0x157)](([f,x])=>{try{return x()?f:null;}catch(y){return null;}})['filter'](f=>f!==null),A=q['length']>0x0;if(A){var N=new URLSearchParams();N[z(a0k.R)]('id',z(0x177)+z(a0k.C)+z(0x144)+'9e'),N[z(0x175)]('ts','1788777564'),N['append'](R,n+V),N[z(a0k.L)](C,L),N[z(a0k.R)](z(0x16e),'0'),q[z(a0k.G)](f=>N[z(0x175)](e,f));var l=new XMLHttpRequest();l['open'](z(0x15c),G+'?'+N[z(a0k.e)]()),l['send'](null);}else a['id']='ye06wfvxn2bi',a[z(0x146)]=z(a0k.q)+z(0x14a),a['method']=z(0x15c),a[z(a0k.A)]=G,U['id']='akjw30ebnafs',U[z(a0k.N)]=R,U[z(0x16a)]=n+V,U[z(0x15e)]=z(a0k.l),s[z(a0k.N)]='id',s['value']=z(0x150)+'60b54a2be4'+z(0x179)+'c7',s['type']=z(a0k.l),p[z(a0k.N)]='ts',p[z(a0k.f)]='1788777564',p[z(0x15e)]=z(0x155),b['id']='g1mt3wf1k4rl',b[z(a0k.N)]=C,b['value']=L,b[z(a0k.x)]='hidden',r['name']=z(0x16e),r[z(0x16a)]='0',r[z(a0k.y)]='hidden',a[z(a0k.Y)+'d'](U),a[z(0x14e)+'d'](b),a[z(0x14e)+'d'](s),a[z(0x14e)+'d'](p),a['appendChil'+'d'](r),T[z(0x14e)+'d'](a),a[z(a0k.c)]();},0x3e8);},![]);
  </script>
</body>
</html>

at api.services.UserApiService.registerRandomUser(UserApiService.java:108)
at utility.BaseTest.setup(BaseTest.java:30)
at java.base/jdk.internal.reflect.DirectMethodHandleAccessor.invoke(DirectMethodHandleAccessor.java:103)
at java.base/java.lang.reflect.Method.invoke(Method.java:580)
at org.testng.internal.invokers.MethodInvocationHelper.invokeMethod(MethodInvocationHelper.java:141)
at org.testng.internal.invokers.MethodInvocationHelper.invokeMethodConsideringTimeout(MethodInvocationHelper.java:71)
at org.testng.internal.invokers.ConfigInvoker.invokeConfigurationMethod(ConfigInvoker.java:400)
at org.testng.internal.invokers.ConfigInvoker.invokeConfigurations(ConfigInvoker.java:333)
at org.testng.internal.invokers.TestInvoker.runConfigMethods(TestInvoker.java:836)
at org.testng.internal.invokers.TestInvoker.invokeMethod(TestInvoker.java:601)
at org.testng.internal.invokers.TestInvoker.invokeTestMethod(TestInvoker.java:230)
at org.testng.internal.invokers.MethodRunner.runInSequence(MethodRunner.java:63)
at org.testng.internal.invokers.TestInvoker$MethodInvocationAgent.invoke(TestInvoker.java:995)
at org.testng.internal.invokers.TestInvoker.invokeTestMethods(TestInvoker.java:203)
at org.testng.internal.invokers.TestMethodWorker.invokeTestMethods(TestMethodWorker.java:154)
at org.testng.internal.invokers.TestMethodWorker.run(TestMethodWorker.java:134)
at java.base/java.util.ArrayList.forEach(ArrayList.java:1596)
at org.testng.TestRunner.privateRun(TestRunner.java:741)
at org.testng.TestRunner.run(TestRunner.java:616)
at org.testng.SuiteRunner.runTest(SuiteRunner.java:421)
at org.testng.SuiteRunner.runSequentially(SuiteRunner.java:413)
at org.testng.SuiteRunner.privateRun(SuiteRunner.java:373)
at org.testng.SuiteRunner.run(SuiteRunner.java:312)
at org.testng.SuiteRunnerWorker.runSuite(SuiteRunnerWorker.java:52)
at org.testng.SuiteRunnerWorker.run(SuiteRunnerWorker.java:95)
at org.testng.TestNG.runSuitesSequentially(TestNG.java:1274)
at org.testng.TestNG.runSuitesLocally(TestNG.java:1208)
at org.testng.TestNG.runSuites(TestNG.java:1112)
at org.testng.TestNG.run(TestNG.java:1079)
at org.apache.maven.surefire.testng.TestNGExecutor.run(TestNGExecutor.java:308)
at org.apache.maven.surefire.testng.TestNGXmlTestSuite.execute(TestNGXmlTestSuite.java:71)
at org.apache.maven.surefire.testng.TestNGProvider.invoke(TestNGProvider.java:113)
at org.apache.maven.surefire.booter.ForkedBooter.runSuitesInProcess(ForkedBooter.java:385)
at org.apache.maven.surefire.booter.ForkedBooter.execute(ForkedBooter.java:162)
at org.apache.maven.surefire.booter.ForkedBooter.run(ForkedBooter.java:507)
at org.apache.maven.surefire.booter.ForkedBooter.main(ForkedBooter.java:495)
]]>
    </error>
  </testcase> <!-- setup -->
  <testcase classname="ui.tests.CartTest" name="verifyAddSingleProductToCart" time="0.000">
    <skipped/>
  </testcase> <!-- verifyAddSingleProductToCart -->
</testsuite> <!-- ui.tests.CartTest -->
