<?xml version="1.0" encoding="UTF-8"?>
<!-- Generated by org.testng.reporters.JUnitReportReporter -->
<testsuite hostname="elihle" failures="0" tests="8" name="api.tests.AutomationExerciseAPITests" time="35.009" errors="0" timestamp="2026-08-18T10:55:17 SAST" skipped="0">
  <testcase classname="api.tests.AutomationExerciseAPITests" name="verifyLoginWithValidLoginDetails" time="4.132"/>
  <testcase classname="api.tests.AutomationExerciseAPITests" name="verifyLoginWithoutEmailParameter" time="6.194"/>
  <testcase classname="api.tests.AutomationExerciseAPITests" name="verifySearchProductItem" time="2.484"/>
  <testcase classname="api.tests.AutomationExerciseAPITests" name="verifyReturnUserDetailsByEmail" time="9.735"/>
  <testcase classname="api.tests.AutomationExerciseAPITests" name="verifyUserAccountUpdate" time="3.183"/>
  <testcase classname="api.tests.AutomationExerciseAPITests" name="verifyDeleteUserAccount" time="2.489"/>
  <testcase classname="api.tests.AutomationExerciseAPITests" name="verifyLoginWithInvalidDetails" time="3.170"/>
  <testcase classname="api.tests.AutomationExerciseAPITests" name="verifyDeleteLogin" time="3.622"/>
</testsuite> <!-- api.tests.AutomationExerciseAPITests -->
