<?xml version="1.0" encoding="UTF-8"?>
<!-- Generated by org.testng.reporters.JUnitXMLReporter -->
<testsuite ignored="0" hostname="elihle" failures="0" tests="8" name="API Tests" time="131.003" errors="0" timestamp="2026-07-31T13:27:33 SAST">
  <testcase classname="api.tests.AutomationExerciseAPITests" name="verifyLoginWithValidLoginDetails" time="8.505"/>
  <testcase classname="api.tests.AutomationExerciseAPITests" name="verifyLoginWithoutEmailParameter" time="5.229"/>
  <testcase classname="api.tests.AutomationExerciseAPITests" name="verifySearchProductItem" time="4.79"/>
  <testcase classname="api.tests.AutomationExerciseAPITests" name="verifyReturnUserDetailsByEmail" time="19.219"/>
  <testcase classname="api.tests.AutomationExerciseAPITests" name="verifyUserAccountUpdate" time="5.958"/>
  <testcase classname="api.tests.AutomationExerciseAPITests" name="verifyDeleteUserAccount" time="10.374"/>
  <testcase classname="api.tests.AutomationExerciseAPITests" name="verifyLoginWithInvalidDetails" time="13.775"/>
  <testcase classname="api.tests.AutomationExerciseAPITests" name="verifyDeleteLogin" time="9.903"/>
</testsuite> <!-- API Tests -->
