<?xml version="1.0" encoding="UTF-8"?>
<!-- Generated by org.testng.reporters.JUnitXMLReporter -->
<testsuite ignored="0" hostname="elihle" failures="0" tests="8" name="API Tests" time="486.276" errors="0" timestamp="2026-08-14T13:14:13 SAST">
  <testcase classname="api.tests.AutomationExerciseAPITests" name="verifyLoginWithValidLoginDetails" time="8.939"/>
  <testcase classname="api.tests.AutomationExerciseAPITests" name="verifyLoginWithoutEmailParameter" time="189.394"/>
  <testcase classname="api.tests.AutomationExerciseAPITests" name="verifySearchProductItem" time="30.294"/>
  <testcase classname="api.tests.AutomationExerciseAPITests" name="verifyReturnUserDetailsByEmail" time="62.447"/>
  <testcase classname="api.tests.AutomationExerciseAPITests" name="verifyUserAccountUpdate" time="26.662"/>
  <testcase classname="api.tests.AutomationExerciseAPITests" name="verifyDeleteUserAccount" time="5.624"/>
  <testcase classname="api.tests.AutomationExerciseAPITests" name="verifyLoginWithInvalidDetails" time="4.588"/>
  <testcase classname="api.tests.AutomationExerciseAPITests" name="verifyDeleteLogin" time="11.635"/>
</testsuite> <!-- API Tests -->
